2023-10-18 08:09:18.230 [WRN] Failed to determine the https port for redirect. 

2023-10-18 09:39:39.424 [WRN] Failed to determine the https port for redirect. 

2023-10-18 09:43:15.099 [WRN] Failed to determine the https port for redirect. 

2023-10-18 09:54:11.109 [WRN] Failed to determine the https port for redirect. 

2023-10-18 09:54:34.969 [WRN] Failed to determine the https port for redirect. 

2023-10-18 09:58:54.543 [WRN] Failed to determine the https port for redirect. 

2023-10-18 10:35:56.884 [WRN] Failed to determine the https port for redirect. 

2023-10-18 11:19:44.459 [WRN] Failed to determine the https port for redirect. 

2023-10-18 11:22:23.691 [ERR] An unhandled exception has occurred while executing the request. 
System.FormatException: '64fe27a26535f63c8d47d1b4,64fe27a26535f63c8d47d1b4' is not a valid 24 digit hex string.
   at MongoDB.Bson.ObjectId.Parse(String s)
   at MongoDB.Bson.Serialization.Serializers.StringSerializer.SerializeValue(BsonSerializationContext context, BsonSerializationArgs args, String value)
   at MongoDB.Bson.Serialization.IBsonSerializerExtensions.Serialize(IBsonSerializer serializer, BsonSerializationContext context, Object value)
   at MongoDB.Driver.Linq.Linq3Implementation.Misc.SerializationHelper.SerializeValue(IBsonSerializer serializer, Object value)
   at MongoDB.Driver.Linq.Linq3Implementation.Misc.SerializationHelper.SerializeValue(IBsonSerializer serializer, ConstantExpression constantExpression, Expression containingExpression)
   at MongoDB.Driver.Linq.Linq3Implementation.Translators.ExpressionToFilterTranslators.ExpressionTranslators.ComparisonExpressionToFilterTranslator.Translate(TranslationContext context, BinaryExpression expression)
   at MongoDB.Driver.Linq.Linq3Implementation.Translators.ExpressionToFilterTranslators.ExpressionToFilterTranslator.Translate(TranslationContext context, Expression expression, Boolean exprOk)
   at MongoDB.Driver.Linq.Linq3Implementation.Translators.ExpressionToFilterTranslators.ExpressionToFilterTranslator.TranslateLambda(TranslationContext context, LambdaExpression lambdaExpression, IBsonSerializer parameterSerializer, Boolean asRoot)
   at MongoDB.Driver.Linq.Linq3Implementation.LinqProviderAdapterV3.TranslateExpressionToFilter[TDocument](Expression`1 expression, IBsonSerializer`1 documentSerializer, IBsonSerializerRegistry serializerRegistry)
   at MongoDB.Driver.MongoCollectionImpl`1.CreateFindOperation[TProjection](FilterDefinition`1 filter, FindOptions`2 options)
   at MongoDB.Driver.MongoCollectionImpl`1.FindSync[TProjection](IClientSessionHandle session, FilterDefinition`1 filter, FindOptions`2 options, CancellationToken cancellationToken)
   at MongoDB.Driver.MongoCollectionImpl`1.<>c__DisplayClass46_0`1.<FindSync>b__0(IClientSessionHandle session)
   at MongoDB.Driver.MongoCollectionImpl`1.UsingImplicitSession[TResult](Func`2 func, CancellationToken cancellationToken)
   at MongoDB.Driver.MongoCollectionImpl`1.FindSync[TProjection](FilterDefinition`1 filter, FindOptions`2 options, CancellationToken cancellationToken)
   at MongoDB.Driver.FindFluent`2.ToCursor(CancellationToken cancellationToken)
   at MongoDB.Driver.IAsyncCursorSourceExtensions.FirstOrDefault[TDocument](IAsyncCursorSource`1 source, CancellationToken cancellationToken)
   at MongoDB.Driver.IFindFluentExtensions.FirstOrDefault[TDocument,TProjection](IFindFluent`2 find, CancellationToken cancellationToken)
   at CenIT.DegreeManagement.CoreAPI.Bussiness.XacMinhVanBang.XacMinhVanBangBL.GetKhoaThiByIdDanhMucTotNghiep(String idDanhMucTotNghiep) in D:\Workpace_VNPT\QLVB\BackendAPI\CenIT.DegreeManagement.CoreAPI\CenIT.DegreeManagement.CoreAPI.Bussiness\XacMinhVanBang\XacMinhVanBangBL.cs:line 367
   at CenIT.DegreeManagement.CoreAPI.Bussiness.XacMinhVanBang.XacMinhVanBangBL.CreateList(XacMinhVangBangListInputModel model) in D:\Workpace_VNPT\QLVB\BackendAPI\CenIT.DegreeManagement.CoreAPI\CenIT.DegreeManagement.CoreAPI.Bussiness\XacMinhVanBang\XacMinhVanBangBL.cs:line 132
   at CenIT.DegreeManagement.CoreAPI.Caching.XacMinhVanBang.XacMinhVanBangCL.CreateList(XacMinhVangBangListInputModel model) in D:\Workpace_VNPT\QLVB\BackendAPI\CenIT.DegreeManagement.CoreAPI\CenIT.DegreeManagement.CoreAPI.Caching\XacMinhVanBang\XacMinhVanBangCL.cs:line 50
   at CenIT.DegreeManagement.CoreAPI.Controllers.XacMinhVanBang.XacMinhVanBangController.CreateList(XacMinhVangBangListInputModel model) in D:\Workpace_VNPT\QLVB\BackendAPI\CenIT.DegreeManagement.CoreAPI\CenIT.DegreeManagement.CoreAPI\Controllers\XacMinhVanBang\XacMinhVanBangController.cs:line 112
   at Microsoft.AspNetCore.Mvc.Infrastructure.ActionMethodExecutor.TaskOfIActionResultExecutor.Execute(IActionResultTypeMapper mapper, ObjectMethodExecutor executor, Object controller, Object[] arguments)
   at Microsoft.AspNetCore.Mvc.Infrastructure.ControllerActionInvoker.<InvokeActionMethodAsync>g__Awaited|12_0(ControllerActionInvoker invoker, ValueTask`1 actionResultValueTask)
   at Microsoft.AspNetCore.Mvc.Infrastructure.ControllerActionInvoker.<InvokeNextActionFilterAsync>g__Awaited|10_0(ControllerActionInvoker invoker, Task lastTask, State next, Scope scope, Object state, Boolean isCompleted)
   at Microsoft.AspNetCore.Mvc.Infrastructure.ControllerActionInvoker.Rethrow(ActionExecutedContextSealed context)
   at Microsoft.AspNetCore.Mvc.Infrastructure.ControllerActionInvoker.Next(State& next, Scope& scope, Object& state, Boolean& isCompleted)
   at Microsoft.AspNetCore.Mvc.Infrastructure.ControllerActionInvoker.InvokeInnerFilterAsync()
--- End of stack trace from previous location ---
   at Microsoft.AspNetCore.Mvc.Infrastructure.ResourceInvoker.<InvokeNextResourceFilter>g__Awaited|25_0(ResourceInvoker invoker, Task lastTask, State next, Scope scope, Object state, Boolean isCompleted)
   at Microsoft.AspNetCore.Mvc.Infrastructure.ResourceInvoker.Rethrow(ResourceExecutedContextSealed context)
   at Microsoft.AspNetCore.Mvc.Infrastructure.ResourceInvoker.Next(State& next, Scope& scope, Object& state, Boolean& isCompleted)
   at Microsoft.AspNetCore.Mvc.Infrastructure.ResourceInvoker.InvokeFilterPipelineAsync()
--- End of stack trace from previous location ---
   at Microsoft.AspNetCore.Mvc.Infrastructure.ResourceInvoker.<InvokeAsync>g__Awaited|17_0(ResourceInvoker invoker, Task task, IDisposable scope)
   at Microsoft.AspNetCore.Mvc.Infrastructure.ResourceInvoker.<InvokeAsync>g__Awaited|17_0(ResourceInvoker invoker, Task task, IDisposable scope)
   at Microsoft.AspNetCore.Routing.EndpointMiddleware.<Invoke>g__AwaitRequestTask|6_0(Endpoint endpoint, Task requestTask, ILogger logger)
   at CenIT.DegreeManagement.CoreAPI.Middleware.EnableRequestBodyBufferingMiddleware.InvokeAsync(HttpContext context) in D:\Workpace_VNPT\QLVB\BackendAPI\CenIT.DegreeManagement.CoreAPI\CenIT.DegreeManagement.CoreAPI\Middleware\EnableRequestBodyBufferingMiddleware.cs:line 21
   at Microsoft.AspNetCore.Authorization.AuthorizationMiddleware.Invoke(HttpContext context)
   at Swashbuckle.AspNetCore.SwaggerUI.SwaggerUIMiddleware.Invoke(HttpContext httpContext)
   at Swashbuckle.AspNetCore.Swagger.SwaggerMiddleware.Invoke(HttpContext httpContext, ISwaggerProvider swaggerProvider)
   at Microsoft.AspNetCore.Localization.RequestLocalizationMiddleware.Invoke(HttpContext context)
   at Microsoft.AspNetCore.Diagnostics.DeveloperExceptionPageMiddleware.Invoke(HttpContext context)

2023-10-18 11:27:51.682 [WRN] Failed to determine the https port for redirect. 

2023-10-18 11:34:07.100 [WRN] Failed to determine the https port for redirect. 

2023-10-18 12:45:55.035 [WRN] Failed to determine the https port for redirect. 

2023-10-18 12:51:04.118 [WRN] Failed to determine the https port for redirect. 

2023-10-18 12:58:30.146 [WRN] Failed to determine the https port for redirect. 

2023-10-18 12:59:30.047 [WRN] Failed to determine the https port for redirect. 

2023-10-18 13:12:38.886 [WRN] Failed to determine the https port for redirect. 

2023-10-18 13:13:26.071 [ERR] An unhandled exception has occurred while executing the request. 
System.FormatException: String '' was not recognized as a valid DateTime.
   at MongoDB.Bson.IO.JsonReader.ParseISODateTimeConstructor()
   at MongoDB.Bson.IO.JsonReader.ReadBsonType()
   at MongoDB.Bson.Serialization.Serializers.BsonDocumentSerializer.DeserializeValue(BsonDeserializationContext context, BsonDeserializationArgs args)
   at MongoDB.Bson.Serialization.Serializers.BsonValueSerializerBase`1.Deserialize(BsonDeserializationContext context, BsonDeserializationArgs args)
   at MongoDB.Bson.Serialization.Serializers.BsonValueSerializer.DeserializeValue(BsonDeserializationContext context, BsonDeserializationArgs args)
   at MongoDB.Bson.Serialization.Serializers.BsonValueSerializerBase`1.Deserialize(BsonDeserializationContext context, BsonDeserializationArgs args)
   at MongoDB.Bson.Serialization.Serializers.BsonDocumentSerializer.DeserializeValue(BsonDeserializationContext context, BsonDeserializationArgs args)
   at MongoDB.Bson.Serialization.Serializers.BsonValueSerializerBase`1.Deserialize(BsonDeserializationContext context, BsonDeserializationArgs args)
   at MongoDB.Bson.Serialization.Serializers.BsonValueSerializer.DeserializeValue(BsonDeserializationContext context, BsonDeserializationArgs args)
   at MongoDB.Bson.Serialization.Serializers.BsonValueSerializerBase`1.Deserialize(BsonDeserializationContext context, BsonDeserializationArgs args)
   at MongoDB.Bson.Serialization.Serializers.BsonDocumentSerializer.DeserializeValue(BsonDeserializationContext context, BsonDeserializationArgs args)
   at MongoDB.Bson.Serialization.Serializers.BsonValueSerializerBase`1.Deserialize(BsonDeserializationContext context, BsonDeserializationArgs args)
   at MongoDB.Bson.Serialization.Serializers.BsonValueSerializer.DeserializeValue(BsonDeserializationContext context, BsonDeserializationArgs args)
   at MongoDB.Bson.Serialization.Serializers.BsonValueSerializerBase`1.Deserialize(BsonDeserializationContext context, BsonDeserializationArgs args)
   at MongoDB.Bson.Serialization.Serializers.BsonArraySerializer.DeserializeValue(BsonDeserializationContext context, BsonDeserializationArgs args)
   at MongoDB.Bson.Serialization.Serializers.BsonValueSerializerBase`1.Deserialize(BsonDeserializationContext context, BsonDeserializationArgs args)
   at MongoDB.Bson.Serialization.Serializers.BsonValueSerializer.DeserializeValue(BsonDeserializationContext context, BsonDeserializationArgs args)
   at MongoDB.Bson.Serialization.Serializers.BsonValueSerializerBase`1.Deserialize(BsonDeserializationContext context, BsonDeserializationArgs args)
   at MongoDB.Bson.Serialization.Serializers.BsonDocumentSerializer.DeserializeValue(BsonDeserializationContext context, BsonDeserializationArgs args)
   at MongoDB.Bson.Serialization.Serializers.BsonValueSerializerBase`1.Deserialize(BsonDeserializationContext context, BsonDeserializationArgs args)
   at MongoDB.Bson.BsonDocument.Parse(String json)
   at MongoDB.Driver.JsonCommand`1.Render(IBsonSerializerRegistry serializerRegistry)
   at MongoDB.Driver.MongoDatabaseImpl.CreateRunCommandOperation[TResult](Command`1 command)
   at MongoDB.Driver.MongoDatabaseImpl.RunCommand[TResult](IClientSessionHandle session, Command`1 command, ReadPreference readPreference, CancellationToken cancellationToken)
   at MongoDB.Driver.MongoDatabaseImpl.<>c__DisplayClass50_0`1.<RunCommand>b__0(IClientSessionHandle session)
   at MongoDB.Driver.MongoDatabaseImpl.UsingImplicitSession[TResult](Func`2 func, CancellationToken cancellationToken)
   at MongoDB.Driver.MongoDatabaseImpl.RunCommand[TResult](Command`1 command, ReadPreference readPreference, CancellationToken cancellationToken)
   at CenIT.DegreeManagement.CoreAPI.Bussiness.XacMinhVanBang.XacMinhVanBangBL.GetSearchLichSuXacMinh(LichSuXacMinhVanBangSearchModel modelSearch) in D:\Workpace_VNPT\QLVB\BackendAPI\CenIT.DegreeManagement.CoreAPI\CenIT.DegreeManagement.CoreAPI.Bussiness\XacMinhVanBang\XacMinhVanBangBL.cs:line 238
   at CenIT.DegreeManagement.CoreAPI.Caching.XacMinhVanBang.XacMinhVanBangCL.GetSearchLichSuXacMinh(LichSuXacMinhVanBangSearchModel modelSearch) in D:\Workpace_VNPT\QLVB\BackendAPI\CenIT.DegreeManagement.CoreAPI\CenIT.DegreeManagement.CoreAPI.Caching\XacMinhVanBang\XacMinhVanBangCL.cs:line 68
   at CenIT.DegreeManagement.CoreAPI.Controllers.XacMinhVanBang.XacMinhVanBangController.GetLichSuPhatMinhVanbang(LichSuXacMinhVanBangSearchModel modelSearch) in D:\Workpace_VNPT\QLVB\BackendAPI\CenIT.DegreeManagement.CoreAPI\CenIT.DegreeManagement.CoreAPI\Controllers\XacMinhVanBang\XacMinhVanBangController.cs:line 123
   at lambda_method12(Closure , Object , Object[] )
   at Microsoft.AspNetCore.Mvc.Infrastructure.ActionMethodExecutor.SyncActionResultExecutor.Execute(IActionResultTypeMapper mapper, ObjectMethodExecutor executor, Object controller, Object[] arguments)
   at Microsoft.AspNetCore.Mvc.Infrastructure.ControllerActionInvoker.InvokeActionMethodAsync()
   at Microsoft.AspNetCore.Mvc.Infrastructure.ControllerActionInvoker.Next(State& next, Scope& scope, Object& state, Boolean& isCompleted)
   at Microsoft.AspNetCore.Mvc.Infrastructure.ControllerActionInvoker.InvokeNextActionFilterAsync()
--- End of stack trace from previous location ---
   at Microsoft.AspNetCore.Mvc.Infrastructure.ControllerActionInvoker.Rethrow(ActionExecutedContextSealed context)
   at Microsoft.AspNetCore.Mvc.Infrastructure.ControllerActionInvoker.Next(State& next, Scope& scope, Object& state, Boolean& isCompleted)
   at Microsoft.AspNetCore.Mvc.Infrastructure.ControllerActionInvoker.InvokeInnerFilterAsync()
--- End of stack trace from previous location ---
   at Microsoft.AspNetCore.Mvc.Infrastructure.ResourceInvoker.<InvokeNextResourceFilter>g__Awaited|25_0(ResourceInvoker invoker, Task lastTask, State next, Scope scope, Object state, Boolean isCompleted)
   at Microsoft.AspNetCore.Mvc.Infrastructure.ResourceInvoker.Rethrow(ResourceExecutedContextSealed context)
   at Microsoft.AspNetCore.Mvc.Infrastructure.ResourceInvoker.Next(State& next, Scope& scope, Object& state, Boolean& isCompleted)
   at Microsoft.AspNetCore.Mvc.Infrastructure.ResourceInvoker.InvokeFilterPipelineAsync()
--- End of stack trace from previous location ---
   at Microsoft.AspNetCore.Mvc.Infrastructure.ResourceInvoker.<InvokeAsync>g__Awaited|17_0(ResourceInvoker invoker, Task task, IDisposable scope)
   at Microsoft.AspNetCore.Mvc.Infrastructure.ResourceInvoker.<InvokeAsync>g__Awaited|17_0(ResourceInvoker invoker, Task task, IDisposable scope)
   at Microsoft.AspNetCore.Routing.EndpointMiddleware.<Invoke>g__AwaitRequestTask|6_0(Endpoint endpoint, Task requestTask, ILogger logger)
   at CenIT.DegreeManagement.CoreAPI.Middleware.EnableRequestBodyBufferingMiddleware.InvokeAsync(HttpContext context) in D:\Workpace_VNPT\QLVB\BackendAPI\CenIT.DegreeManagement.CoreAPI\CenIT.DegreeManagement.CoreAPI\Middleware\EnableRequestBodyBufferingMiddleware.cs:line 21
   at Microsoft.AspNetCore.Authorization.AuthorizationMiddleware.Invoke(HttpContext context)
   at Swashbuckle.AspNetCore.SwaggerUI.SwaggerUIMiddleware.Invoke(HttpContext httpContext)
   at Swashbuckle.AspNetCore.Swagger.SwaggerMiddleware.Invoke(HttpContext httpContext, ISwaggerProvider swaggerProvider)
   at Microsoft.AspNetCore.Localization.RequestLocalizationMiddleware.Invoke(HttpContext context)
   at Microsoft.AspNetCore.Diagnostics.DeveloperExceptionPageMiddleware.Invoke(HttpContext context)

2023-10-18 13:14:55.394 [ERR] An unhandled exception has occurred while executing the request. 
System.FormatException: String '16/10/2023 00:00:00' was not recognized as a valid DateTime.
   at MongoDB.Bson.IO.JsonReader.ParseISODateTimeConstructor()
   at MongoDB.Bson.IO.JsonReader.ReadBsonType()
   at MongoDB.Bson.Serialization.Serializers.BsonDocumentSerializer.DeserializeValue(BsonDeserializationContext context, BsonDeserializationArgs args)
   at MongoDB.Bson.Serialization.Serializers.BsonValueSerializerBase`1.Deserialize(BsonDeserializationContext context, BsonDeserializationArgs args)
   at MongoDB.Bson.Serialization.Serializers.BsonValueSerializer.DeserializeValue(BsonDeserializationContext context, BsonDeserializationArgs args)
   at MongoDB.Bson.Serialization.Serializers.BsonValueSerializerBase`1.Deserialize(BsonDeserializationContext context, BsonDeserializationArgs args)
   at MongoDB.Bson.Serialization.Serializers.BsonDocumentSerializer.DeserializeValue(BsonDeserializationContext context, BsonDeserializationArgs args)
   at MongoDB.Bson.Serialization.Serializers.BsonValueSerializerBase`1.Deserialize(BsonDeserializationContext context, BsonDeserializationArgs args)
   at MongoDB.Bson.Serialization.Serializers.BsonValueSerializer.DeserializeValue(BsonDeserializationContext context, BsonDeserializationArgs args)
   at MongoDB.Bson.Serialization.Serializers.BsonValueSerializerBase`1.Deserialize(BsonDeserializationContext context, BsonDeserializationArgs args)
   at MongoDB.Bson.Serialization.Serializers.BsonDocumentSerializer.DeserializeValue(BsonDeserializationContext context, BsonDeserializationArgs args)
   at MongoDB.Bson.Serialization.Serializers.BsonValueSerializerBase`1.Deserialize(BsonDeserializationContext context, BsonDeserializationArgs args)
   at MongoDB.Bson.Serialization.Serializers.BsonValueSerializer.DeserializeValue(BsonDeserializationContext context, BsonDeserializationArgs args)
   at MongoDB.Bson.Serialization.Serializers.BsonValueSerializerBase`1.Deserialize(BsonDeserializationContext context, BsonDeserializationArgs args)
   at MongoDB.Bson.Serialization.Serializers.BsonArraySerializer.DeserializeValue(BsonDeserializationContext context, BsonDeserializationArgs args)
   at MongoDB.Bson.Serialization.Serializers.BsonValueSerializerBase`1.Deserialize(BsonDeserializationContext context, BsonDeserializationArgs args)
   at MongoDB.Bson.Serialization.Serializers.BsonValueSerializer.DeserializeValue(BsonDeserializationContext context, BsonDeserializationArgs args)
   at MongoDB.Bson.Serialization.Serializers.BsonValueSerializerBase`1.Deserialize(BsonDeserializationContext context, BsonDeserializationArgs args)
   at MongoDB.Bson.Serialization.Serializers.BsonDocumentSerializer.DeserializeValue(BsonDeserializationContext context, BsonDeserializationArgs args)
   at MongoDB.Bson.Serialization.Serializers.BsonValueSerializerBase`1.Deserialize(BsonDeserializationContext context, BsonDeserializationArgs args)
   at MongoDB.Bson.BsonDocument.Parse(String json)
   at MongoDB.Driver.JsonCommand`1.Render(IBsonSerializerRegistry serializerRegistry)
   at MongoDB.Driver.MongoDatabaseImpl.CreateRunCommandOperation[TResult](Command`1 command)
   at MongoDB.Driver.MongoDatabaseImpl.RunCommand[TResult](IClientSessionHandle session, Command`1 command, ReadPreference readPreference, CancellationToken cancellationToken)
   at MongoDB.Driver.MongoDatabaseImpl.<>c__DisplayClass50_0`1.<RunCommand>b__0(IClientSessionHandle session)
   at MongoDB.Driver.MongoDatabaseImpl.UsingImplicitSession[TResult](Func`2 func, CancellationToken cancellationToken)
   at MongoDB.Driver.MongoDatabaseImpl.RunCommand[TResult](Command`1 command, ReadPreference readPreference, CancellationToken cancellationToken)
   at CenIT.DegreeManagement.CoreAPI.Bussiness.XacMinhVanBang.XacMinhVanBangBL.GetSearchLichSuXacMinh(LichSuXacMinhVanBangSearchModel modelSearch) in D:\Workpace_VNPT\QLVB\BackendAPI\CenIT.DegreeManagement.CoreAPI\CenIT.DegreeManagement.CoreAPI.Bussiness\XacMinhVanBang\XacMinhVanBangBL.cs:line 238
   at CenIT.DegreeManagement.CoreAPI.Caching.XacMinhVanBang.XacMinhVanBangCL.GetSearchLichSuXacMinh(LichSuXacMinhVanBangSearchModel modelSearch) in D:\Workpace_VNPT\QLVB\BackendAPI\CenIT.DegreeManagement.CoreAPI\CenIT.DegreeManagement.CoreAPI.Caching\XacMinhVanBang\XacMinhVanBangCL.cs:line 68
   at CenIT.DegreeManagement.CoreAPI.Controllers.XacMinhVanBang.XacMinhVanBangController.GetLichSuPhatMinhVanbang(LichSuXacMinhVanBangSearchModel modelSearch) in D:\Workpace_VNPT\QLVB\BackendAPI\CenIT.DegreeManagement.CoreAPI\CenIT.DegreeManagement.CoreAPI\Controllers\XacMinhVanBang\XacMinhVanBangController.cs:line 123
   at lambda_method12(Closure , Object , Object[] )
   at Microsoft.AspNetCore.Mvc.Infrastructure.ActionMethodExecutor.SyncActionResultExecutor.Execute(IActionResultTypeMapper mapper, ObjectMethodExecutor executor, Object controller, Object[] arguments)
   at Microsoft.AspNetCore.Mvc.Infrastructure.ControllerActionInvoker.InvokeActionMethodAsync()
   at Microsoft.AspNetCore.Mvc.Infrastructure.ControllerActionInvoker.Next(State& next, Scope& scope, Object& state, Boolean& isCompleted)
   at Microsoft.AspNetCore.Mvc.Infrastructure.ControllerActionInvoker.InvokeNextActionFilterAsync()
--- End of stack trace from previous location ---
   at Microsoft.AspNetCore.Mvc.Infrastructure.ControllerActionInvoker.Rethrow(ActionExecutedContextSealed context)
   at Microsoft.AspNetCore.Mvc.Infrastructure.ControllerActionInvoker.Next(State& next, Scope& scope, Object& state, Boolean& isCompleted)
   at Microsoft.AspNetCore.Mvc.Infrastructure.ControllerActionInvoker.InvokeInnerFilterAsync()
--- End of stack trace from previous location ---
   at Microsoft.AspNetCore.Mvc.Infrastructure.ResourceInvoker.<InvokeNextResourceFilter>g__Awaited|25_0(ResourceInvoker invoker, Task lastTask, State next, Scope scope, Object state, Boolean isCompleted)
   at Microsoft.AspNetCore.Mvc.Infrastructure.ResourceInvoker.Rethrow(ResourceExecutedContextSealed context)
   at Microsoft.AspNetCore.Mvc.Infrastructure.ResourceInvoker.Next(State& next, Scope& scope, Object& state, Boolean& isCompleted)
   at Microsoft.AspNetCore.Mvc.Infrastructure.ResourceInvoker.InvokeFilterPipelineAsync()
--- End of stack trace from previous location ---
   at Microsoft.AspNetCore.Mvc.Infrastructure.ResourceInvoker.<InvokeAsync>g__Awaited|17_0(ResourceInvoker invoker, Task task, IDisposable scope)
   at Microsoft.AspNetCore.Mvc.Infrastructure.ResourceInvoker.<InvokeAsync>g__Awaited|17_0(ResourceInvoker invoker, Task task, IDisposable scope)
   at Microsoft.AspNetCore.Routing.EndpointMiddleware.<Invoke>g__AwaitRequestTask|6_0(Endpoint endpoint, Task requestTask, ILogger logger)
   at CenIT.DegreeManagement.CoreAPI.Middleware.EnableRequestBodyBufferingMiddleware.InvokeAsync(HttpContext context) in D:\Workpace_VNPT\QLVB\BackendAPI\CenIT.DegreeManagement.CoreAPI\CenIT.DegreeManagement.CoreAPI\Middleware\EnableRequestBodyBufferingMiddleware.cs:line 21
   at Microsoft.AspNetCore.Authorization.AuthorizationMiddleware.Invoke(HttpContext context)
   at Swashbuckle.AspNetCore.SwaggerUI.SwaggerUIMiddleware.Invoke(HttpContext httpContext)
   at Swashbuckle.AspNetCore.Swagger.SwaggerMiddleware.Invoke(HttpContext httpContext, ISwaggerProvider swaggerProvider)
   at Microsoft.AspNetCore.Localization.RequestLocalizationMiddleware.Invoke(HttpContext context)
   at Microsoft.AspNetCore.Diagnostics.DeveloperExceptionPageMiddleware.Invoke(HttpContext context)

2023-10-18 13:18:46.513 [WRN] Failed to determine the https port for redirect. 

2023-10-18 13:21:59.626 [WRN] Failed to determine the https port for redirect. 

2023-10-18 13:24:34.663 [WRN] Failed to determine the https port for redirect. 

2023-10-18 13:34:01.416 [WRN] Failed to determine the https port for redirect. 

2023-10-18 13:35:02.133 [WRN] Failed to determine the https port for redirect. 

2023-10-18 13:38:24.057 [WRN] Failed to determine the https port for redirect. 

2023-10-18 14:54:44.079 [WRN] Failed to determine the https port for redirect. 

2023-10-18 15:00:50.600 [WRN] Failed to determine the https port for redirect. 

2023-10-18 15:03:03.699 [WRN] Failed to determine the https port for redirect. 

2023-10-18 16:28:12.853 [WRN] Failed to determine the https port for redirect. 

2023-10-18 16:30:34.846 [WRN] Failed to determine the https port for redirect. 

2023-10-18 16:40:15.857 [WRN] Failed to determine the https port for redirect. 

2023-10-18 17:06:25.463 [WRN] Failed to determine the https port for redirect. 

2023-10-18 17:18:41.408 [WRN] Failed to determine the https port for redirect. 

2023-10-18 17:22:18.389 [WRN] Failed to determine the https port for redirect. 

2023-10-18 17:25:58.543 [WRN] Failed to determine the https port for redirect. 

2023-10-18 17:31:07.624 [WRN] Failed to determine the https port for redirect. 

