2023-08-30 10:23:59.963 [ERR] An unhandled exception has occurred while executing the request. 
Swashbuckle.AspNetCore.SwaggerGen.SwaggerGeneratorException: Ambiguous HTTP method for action - CenIT.DegreeManagement.CoreAPI.Controllers.CapBang.CapBangBanSaoController.SendEmailInBackground (CenIT.DegreeManagement.CoreAPI). Actions require an explicit HttpMethod binding for Swagger/OpenAPI 3.0
   at Swashbuckle.AspNetCore.SwaggerGen.SwaggerGenerator.GenerateOperations(IEnumerable`1 apiDescriptions, SchemaRepository schemaRepository)
   at Swashbuckle.AspNetCore.SwaggerGen.SwaggerGenerator.GeneratePaths(IEnumerable`1 apiDescriptions, SchemaRepository schemaRepository)
   at Swashbuckle.AspNetCore.SwaggerGen.SwaggerGenerator.GetSwagger(String documentName, String host, String basePath)
   at Swashbuckle.AspNetCore.Swagger.SwaggerMiddleware.Invoke(HttpContext httpContext, ISwaggerProvider swaggerProvider)
   at Microsoft.AspNetCore.Localization.RequestLocalizationMiddleware.Invoke(HttpContext context)
   at Microsoft.AspNetCore.Diagnostics.DeveloperExceptionPageMiddleware.Invoke(HttpContext context)

2023-08-30 10:24:44.791 [ERR] An unhandled exception has occurred while executing the request. 
Swashbuckle.AspNetCore.SwaggerGen.SwaggerGeneratorException: Ambiguous HTTP method for action - CenIT.DegreeManagement.CoreAPI.Controllers.CapBang.CapBangBanSaoController.SendEmailInBackground (CenIT.DegreeManagement.CoreAPI). Actions require an explicit HttpMethod binding for Swagger/OpenAPI 3.0
   at Swashbuckle.AspNetCore.SwaggerGen.SwaggerGenerator.GenerateOperations(IEnumerable`1 apiDescriptions, SchemaRepository schemaRepository)
   at Swashbuckle.AspNetCore.SwaggerGen.SwaggerGenerator.GeneratePaths(IEnumerable`1 apiDescriptions, SchemaRepository schemaRepository)
   at Swashbuckle.AspNetCore.SwaggerGen.SwaggerGenerator.GetSwagger(String documentName, String host, String basePath)
   at Swashbuckle.AspNetCore.Swagger.SwaggerMiddleware.Invoke(HttpContext httpContext, ISwaggerProvider swaggerProvider)
   at Microsoft.AspNetCore.Localization.RequestLocalizationMiddleware.Invoke(HttpContext context)
   at Microsoft.AspNetCore.Diagnostics.DeveloperExceptionPageMiddleware.Invoke(HttpContext context)

2023-08-30 10:26:15.188 [ERR] An unhandled exception has occurred while executing the request. 
System.InvalidOperationException: Current JobStorage instance has not been initialized yet. You must set it before using Hangfire Client or Server API. For .NET Core applications please call the `IServiceCollection.AddHangfire` extension method from Hangfire.NetCore or Hangfire.AspNetCore package depending on your application type when configuring the services and ensure service-based APIs are used instead of static ones, like `IBackgroundJobClient` instead of `BackgroundJob` and `IRecurringJobManager` instead of `RecurringJob`.
   at Hangfire.JobStorage.get_Current()
   at Hangfire.BackgroundJob.<>c.<.cctor>b__69_0()
   at System.Lazy`1.CreateValue()
   at Hangfire.BackgroundJob.Enqueue(Expression`1 methodCall)
   at CenIT.DegreeManagement.CoreAPI.Controllers.CapBang.CapBangBanSaoController.TuChoiDoYeuCau(String idDonYeuCauCapBanSao, String lyDoTuChoi, String nguoiThucHien) in D:\Workpace_VNPT\QuanLyVanBang\ql\CenIT.DegreeManagement\CenIT.DegreeManagement.CoreAPI\CenIT.DegreeManagement.CoreAPI\Controllers\CapBang\CapBangBanSaoController.cs:line 180
   at Microsoft.AspNetCore.Mvc.Infrastructure.ActionMethodExecutor.TaskOfIActionResultExecutor.Execute(IActionResultTypeMapper mapper, ObjectMethodExecutor executor, Object controller, Object[] arguments)
   at Microsoft.AspNetCore.Mvc.Infrastructure.ControllerActionInvoker.<InvokeActionMethodAsync>g__Awaited|12_0(ControllerActionInvoker invoker, ValueTask`1 actionResultValueTask)
   at Microsoft.AspNetCore.Mvc.Infrastructure.ControllerActionInvoker.<InvokeNextActionFilterAsync>g__Awaited|10_0(ControllerActionInvoker invoker, Task lastTask, State next, Scope scope, Object state, Boolean isCompleted)
   at Microsoft.AspNetCore.Mvc.Infrastructure.ControllerActionInvoker.Rethrow(ActionExecutedContextSealed context)
   at Microsoft.AspNetCore.Mvc.Infrastructure.ControllerActionInvoker.Next(State& next, Scope& scope, Object& state, Boolean& isCompleted)
   at Microsoft.AspNetCore.Mvc.Infrastructure.ControllerActionInvoker.InvokeInnerFilterAsync()
--- End of stack trace from previous location ---
   at Microsoft.AspNetCore.Mvc.Infrastructure.ResourceInvoker.<InvokeNextResourceFilter>g__Awaited|25_0(ResourceInvoker invoker, Task lastTask, State next, Scope scope, Object state, Boolean isCompleted)
   at Microsoft.AspNetCore.Mvc.Infrastructure.ResourceInvoker.Rethrow(ResourceExecutedContextSealed context)
   at Microsoft.AspNetCore.Mvc.Infrastructure.ResourceInvoker.Next(State& next, Scope& scope, Object& state, Boolean& isCompleted)
   at Microsoft.AspNetCore.Mvc.Infrastructure.ResourceInvoker.InvokeFilterPipelineAsync()
--- End of stack trace from previous location ---
   at Microsoft.AspNetCore.Mvc.Infrastructure.ResourceInvoker.<InvokeAsync>g__Awaited|17_0(ResourceInvoker invoker, Task task, IDisposable scope)
   at Microsoft.AspNetCore.Mvc.Infrastructure.ResourceInvoker.<InvokeAsync>g__Awaited|17_0(ResourceInvoker invoker, Task task, IDisposable scope)
   at Microsoft.AspNetCore.Routing.EndpointMiddleware.<Invoke>g__AwaitRequestTask|6_0(Endpoint endpoint, Task requestTask, ILogger logger)
   at CenIT.DegreeManagement.CoreAPI.Middleware.EnableRequestBodyBufferingMiddleware.InvokeAsync(HttpContext context) in D:\Workpace_VNPT\QuanLyVanBang\ql\CenIT.DegreeManagement\CenIT.DegreeManagement.CoreAPI\CenIT.DegreeManagement.CoreAPI\Middleware\EnableRequestBodyBufferingMiddleware.cs:line 21
   at Microsoft.AspNetCore.Authorization.AuthorizationMiddleware.Invoke(HttpContext context)
   at Swashbuckle.AspNetCore.SwaggerUI.SwaggerUIMiddleware.Invoke(HttpContext httpContext)
   at Swashbuckle.AspNetCore.Swagger.SwaggerMiddleware.Invoke(HttpContext httpContext, ISwaggerProvider swaggerProvider)
   at Microsoft.AspNetCore.Localization.RequestLocalizationMiddleware.Invoke(HttpContext context)
   at Microsoft.AspNetCore.Diagnostics.DeveloperExceptionPageMiddleware.Invoke(HttpContext context)

2023-08-30 10:44:30.290 [ERR] An unhandled exception has occurred while executing the request. 
System.NotSupportedException: Only public methods can be invoked in the background. Ensure your method has the `public` access modifier, and you aren't using explicit interface implementation.
   at Hangfire.Common.Job.Validate(Type type, String typeParameterName, MethodInfo method, String methodParameterName, Int32 argumentCount, String argumentParameterName)
   at Hangfire.Common.Job..ctor(Type type, MethodInfo method, IReadOnlyList`1 args, String queue)
   at Hangfire.Common.Job.FromExpression(LambdaExpression methodCall, Type explicitType, String queue)
   at Hangfire.BackgroundJobClientExtensions.Enqueue(IBackgroundJobClient client, Expression`1 methodCall)
   at CenIT.DegreeManagement.CoreAPI.Controllers.CapBang.CapBangBanSaoController.TuChoiDoYeuCau(String idDonYeuCauCapBanSao, String lyDoTuChoi, String nguoiThucHien) in D:\Workpace_VNPT\QuanLyVanBang\ql\CenIT.DegreeManagement\CenIT.DegreeManagement.CoreAPI\CenIT.DegreeManagement.CoreAPI\Controllers\CapBang\CapBangBanSaoController.cs:line 180
   at Microsoft.AspNetCore.Mvc.Infrastructure.ActionMethodExecutor.TaskOfIActionResultExecutor.Execute(IActionResultTypeMapper mapper, ObjectMethodExecutor executor, Object controller, Object[] arguments)
   at Microsoft.AspNetCore.Mvc.Infrastructure.ControllerActionInvoker.<InvokeActionMethodAsync>g__Awaited|12_0(ControllerActionInvoker invoker, ValueTask`1 actionResultValueTask)
   at Microsoft.AspNetCore.Mvc.Infrastructure.ControllerActionInvoker.<InvokeNextActionFilterAsync>g__Awaited|10_0(ControllerActionInvoker invoker, Task lastTask, State next, Scope scope, Object state, Boolean isCompleted)
   at Microsoft.AspNetCore.Mvc.Infrastructure.ControllerActionInvoker.Rethrow(ActionExecutedContextSealed context)
   at Microsoft.AspNetCore.Mvc.Infrastructure.ControllerActionInvoker.Next(State& next, Scope& scope, Object& state, Boolean& isCompleted)
   at Microsoft.AspNetCore.Mvc.Infrastructure.ControllerActionInvoker.<InvokeInnerFilterAsync>g__Awaited|13_0(ControllerActionInvoker invoker, Task lastTask, State next, Scope scope, Object state, Boolean isCompleted)
   at Microsoft.AspNetCore.Mvc.Infrastructure.ResourceInvoker.<InvokeNextResourceFilter>g__Awaited|25_0(ResourceInvoker invoker, Task lastTask, State next, Scope scope, Object state, Boolean isCompleted)
   at Microsoft.AspNetCore.Mvc.Infrastructure.ResourceInvoker.Rethrow(ResourceExecutedContextSealed context)
   at Microsoft.AspNetCore.Mvc.Infrastructure.ResourceInvoker.Next(State& next, Scope& scope, Object& state, Boolean& isCompleted)
   at Microsoft.AspNetCore.Mvc.Infrastructure.ResourceInvoker.<InvokeFilterPipelineAsync>g__Awaited|20_0(ResourceInvoker invoker, Task lastTask, State next, Scope scope, Object state, Boolean isCompleted)
   at Microsoft.AspNetCore.Mvc.Infrastructure.ResourceInvoker.<InvokeAsync>g__Awaited|17_0(ResourceInvoker invoker, Task task, IDisposable scope)
   at Microsoft.AspNetCore.Mvc.Infrastructure.ResourceInvoker.<InvokeAsync>g__Awaited|17_0(ResourceInvoker invoker, Task task, IDisposable scope)
   at Microsoft.AspNetCore.Routing.EndpointMiddleware.<Invoke>g__AwaitRequestTask|6_0(Endpoint endpoint, Task requestTask, ILogger logger)
   at CenIT.DegreeManagement.CoreAPI.Middleware.EnableRequestBodyBufferingMiddleware.InvokeAsync(HttpContext context) in D:\Workpace_VNPT\QuanLyVanBang\ql\CenIT.DegreeManagement\CenIT.DegreeManagement.CoreAPI\CenIT.DegreeManagement.CoreAPI\Middleware\EnableRequestBodyBufferingMiddleware.cs:line 21
   at Microsoft.AspNetCore.Authorization.AuthorizationMiddleware.Invoke(HttpContext context)
   at Swashbuckle.AspNetCore.SwaggerUI.SwaggerUIMiddleware.Invoke(HttpContext httpContext)
   at Swashbuckle.AspNetCore.Swagger.SwaggerMiddleware.Invoke(HttpContext httpContext, ISwaggerProvider swaggerProvider)
   at Microsoft.AspNetCore.Localization.RequestLocalizationMiddleware.Invoke(HttpContext context)
   at Microsoft.AspNetCore.Diagnostics.DeveloperExceptionPageMiddleware.Invoke(HttpContext context)

2023-08-30 17:47:44.997 [ERR] An unhandled exception has occurred while executing the request. 
System.ArgumentException: The default FirebaseApp already exists.
   at FirebaseAdmin.FirebaseApp.Create(AppOptions options, String name)
   at CenIT.DegreeManagement.CoreAPI.Processor.SendNotification.FirebaseNotificationUtils.SendNotificationToSingleDeviceAsync(String notificationTitle, String notificationBody, List`1 clientToken) in D:\Workpace_VNPT\QuanLyVanBang\ql\CenIT.DegreeManagement\CenIT.DegreeManagement.CoreAPI\CenIT.DegreeManagement.CoreAPI\Processor\SendNotification\FirebaseNotificationUtils.cs:line 28
   at CenIT.DegreeManagement.CoreAPI.Controllers.DuLieuHocSinh.HocSinhTruongController.ConfirmALL(String idTruong, String idDanhMucTotNghiep, String deviceToken) in D:\Workpace_VNPT\QuanLyVanBang\ql\CenIT.DegreeManagement\CenIT.DegreeManagement.CoreAPI\CenIT.DegreeManagement.CoreAPI\Controllers\DuLieuHocSinh\HocSinhTruongController.cs:line 315
   at Microsoft.AspNetCore.Mvc.Infrastructure.ActionMethodExecutor.TaskOfIActionResultExecutor.Execute(IActionResultTypeMapper mapper, ObjectMethodExecutor executor, Object controller, Object[] arguments)
   at Microsoft.AspNetCore.Mvc.Infrastructure.ControllerActionInvoker.<InvokeActionMethodAsync>g__Awaited|12_0(ControllerActionInvoker invoker, ValueTask`1 actionResultValueTask)
   at Microsoft.AspNetCore.Mvc.Infrastructure.ControllerActionInvoker.<InvokeNextActionFilterAsync>g__Awaited|10_0(ControllerActionInvoker invoker, Task lastTask, State next, Scope scope, Object state, Boolean isCompleted)
   at Microsoft.AspNetCore.Mvc.Infrastructure.ControllerActionInvoker.Rethrow(ActionExecutedContextSealed context)
   at Microsoft.AspNetCore.Mvc.Infrastructure.ControllerActionInvoker.Next(State& next, Scope& scope, Object& state, Boolean& isCompleted)
   at Microsoft.AspNetCore.Mvc.Infrastructure.ControllerActionInvoker.<InvokeInnerFilterAsync>g__Awaited|13_0(ControllerActionInvoker invoker, Task lastTask, State next, Scope scope, Object state, Boolean isCompleted)
   at Microsoft.AspNetCore.Mvc.Infrastructure.ResourceInvoker.<InvokeNextResourceFilter>g__Awaited|25_0(ResourceInvoker invoker, Task lastTask, State next, Scope scope, Object state, Boolean isCompleted)
   at Microsoft.AspNetCore.Mvc.Infrastructure.ResourceInvoker.Rethrow(ResourceExecutedContextSealed context)
   at Microsoft.AspNetCore.Mvc.Infrastructure.ResourceInvoker.Next(State& next, Scope& scope, Object& state, Boolean& isCompleted)
   at Microsoft.AspNetCore.Mvc.Infrastructure.ResourceInvoker.<InvokeFilterPipelineAsync>g__Awaited|20_0(ResourceInvoker invoker, Task lastTask, State next, Scope scope, Object state, Boolean isCompleted)
   at Microsoft.AspNetCore.Mvc.Infrastructure.ResourceInvoker.<InvokeAsync>g__Awaited|17_0(ResourceInvoker invoker, Task task, IDisposable scope)
   at Microsoft.AspNetCore.Mvc.Infrastructure.ResourceInvoker.<InvokeAsync>g__Awaited|17_0(ResourceInvoker invoker, Task task, IDisposable scope)
   at Microsoft.AspNetCore.Routing.EndpointMiddleware.<Invoke>g__AwaitRequestTask|6_0(Endpoint endpoint, Task requestTask, ILogger logger)
   at CenIT.DegreeManagement.CoreAPI.Middleware.EnableRequestBodyBufferingMiddleware.InvokeAsync(HttpContext context) in D:\Workpace_VNPT\QuanLyVanBang\ql\CenIT.DegreeManagement\CenIT.DegreeManagement.CoreAPI\CenIT.DegreeManagement.CoreAPI\Middleware\EnableRequestBodyBufferingMiddleware.cs:line 21
   at Microsoft.AspNetCore.Authorization.AuthorizationMiddleware.Invoke(HttpContext context)
   at Swashbuckle.AspNetCore.SwaggerUI.SwaggerUIMiddleware.Invoke(HttpContext httpContext)
   at Swashbuckle.AspNetCore.Swagger.SwaggerMiddleware.Invoke(HttpContext httpContext, ISwaggerProvider swaggerProvider)
   at Microsoft.AspNetCore.Localization.RequestLocalizationMiddleware.Invoke(HttpContext context)
   at Microsoft.AspNetCore.Diagnostics.DeveloperExceptionPageMiddleware.Invoke(HttpContext context)

2023-08-30 17:50:11.198 [ERR] An unhandled exception has occurred while executing the request. 
System.ArgumentException: The default FirebaseApp already exists.
   at FirebaseAdmin.FirebaseApp.Create(AppOptions options, String name)
   at CenIT.DegreeManagement.CoreAPI.Processor.SendNotification.FirebaseNotificationUtils.SendNotificationToSingleDeviceAsync(String notificationTitle, String notificationBody, List`1 clientToken) in D:\Workpace_VNPT\QuanLyVanBang\ql\CenIT.DegreeManagement\CenIT.DegreeManagement.CoreAPI\CenIT.DegreeManagement.CoreAPI\Processor\SendNotification\FirebaseNotificationUtils.cs:line 28
   at CenIT.DegreeManagement.CoreAPI.Controllers.DuLieuHocSinh.HocSinhTruongController.ConfirmALL(String idTruong, String idDanhMucTotNghiep, String deviceToken) in D:\Workpace_VNPT\QuanLyVanBang\ql\CenIT.DegreeManagement\CenIT.DegreeManagement.CoreAPI\CenIT.DegreeManagement.CoreAPI\Controllers\DuLieuHocSinh\HocSinhTruongController.cs:line 315
   at Microsoft.AspNetCore.Mvc.Infrastructure.ActionMethodExecutor.TaskOfIActionResultExecutor.Execute(IActionResultTypeMapper mapper, ObjectMethodExecutor executor, Object controller, Object[] arguments)
   at Microsoft.AspNetCore.Mvc.Infrastructure.ControllerActionInvoker.<InvokeActionMethodAsync>g__Awaited|12_0(ControllerActionInvoker invoker, ValueTask`1 actionResultValueTask)
   at Microsoft.AspNetCore.Mvc.Infrastructure.ControllerActionInvoker.<InvokeNextActionFilterAsync>g__Awaited|10_0(ControllerActionInvoker invoker, Task lastTask, State next, Scope scope, Object state, Boolean isCompleted)
   at Microsoft.AspNetCore.Mvc.Infrastructure.ControllerActionInvoker.Rethrow(ActionExecutedContextSealed context)
   at Microsoft.AspNetCore.Mvc.Infrastructure.ControllerActionInvoker.Next(State& next, Scope& scope, Object& state, Boolean& isCompleted)
   at Microsoft.AspNetCore.Mvc.Infrastructure.ControllerActionInvoker.<InvokeInnerFilterAsync>g__Awaited|13_0(ControllerActionInvoker invoker, Task lastTask, State next, Scope scope, Object state, Boolean isCompleted)
   at Microsoft.AspNetCore.Mvc.Infrastructure.ResourceInvoker.<InvokeNextResourceFilter>g__Awaited|25_0(ResourceInvoker invoker, Task lastTask, State next, Scope scope, Object state, Boolean isCompleted)
   at Microsoft.AspNetCore.Mvc.Infrastructure.ResourceInvoker.Rethrow(ResourceExecutedContextSealed context)
   at Microsoft.AspNetCore.Mvc.Infrastructure.ResourceInvoker.Next(State& next, Scope& scope, Object& state, Boolean& isCompleted)
   at Microsoft.AspNetCore.Mvc.Infrastructure.ResourceInvoker.<InvokeFilterPipelineAsync>g__Awaited|20_0(ResourceInvoker invoker, Task lastTask, State next, Scope scope, Object state, Boolean isCompleted)
   at Microsoft.AspNetCore.Mvc.Infrastructure.ResourceInvoker.<InvokeAsync>g__Awaited|17_0(ResourceInvoker invoker, Task task, IDisposable scope)
   at Microsoft.AspNetCore.Mvc.Infrastructure.ResourceInvoker.<InvokeAsync>g__Awaited|17_0(ResourceInvoker invoker, Task task, IDisposable scope)
   at Microsoft.AspNetCore.Routing.EndpointMiddleware.<Invoke>g__AwaitRequestTask|6_0(Endpoint endpoint, Task requestTask, ILogger logger)
   at CenIT.DegreeManagement.CoreAPI.Middleware.EnableRequestBodyBufferingMiddleware.InvokeAsync(HttpContext context) in D:\Workpace_VNPT\QuanLyVanBang\ql\CenIT.DegreeManagement\CenIT.DegreeManagement.CoreAPI\CenIT.DegreeManagement.CoreAPI\Middleware\EnableRequestBodyBufferingMiddleware.cs:line 21
   at Microsoft.AspNetCore.Authorization.AuthorizationMiddleware.Invoke(HttpContext context)
   at Swashbuckle.AspNetCore.SwaggerUI.SwaggerUIMiddleware.Invoke(HttpContext httpContext)
   at Swashbuckle.AspNetCore.Swagger.SwaggerMiddleware.Invoke(HttpContext httpContext, ISwaggerProvider swaggerProvider)
   at Microsoft.AspNetCore.Localization.RequestLocalizationMiddleware.Invoke(HttpContext context)
   at Microsoft.AspNetCore.Diagnostics.DeveloperExceptionPageMiddleware.Invoke(HttpContext context)

2023-08-30 23:18:42.964 [ERR] Column 'DiemMon2' does not belong to table . 

2023-08-30 23:19:42.296 [ERR] Column 'DiemMon2' does not belong to table . 

