2023-09-13 00:10:29.196 [ERR] Execution DelayedJobScheduler is in the Failed state now due to an exception, execution will be retried no more than in 00:00:04 
Hangfire.PostgreSql.PostgreSqlDistributedLockException: Could not place a lock on the resource 'hangfire:locks:schedulepoller': Lock timeout.
 ---> Npgsql.NpgsqlException (0x80004005): Exception while reading from stream
 ---> System.TimeoutException: Timeout during reading attempt
   at Npgsql.Internal.NpgsqlConnector.<ReadMessage>g__ReadMessageLong|233_0(NpgsqlConnector connector, Boolean async, DataRowLoadingMode dataRowLoadingMode, Boolean readingNotifications, Boolean isReadingPrependedMessage)
   at Npgsql.NpgsqlDataReader.NextResult(Boolean async, Boolean isConsuming, CancellationToken cancellationToken)
   at Npgsql.NpgsqlDataReader.NextResult(Boolean async, Boolean isConsuming, CancellationToken cancellationToken)
   at Npgsql.NpgsqlDataReader.NextResult()
   at Npgsql.NpgsqlCommand.ExecuteReader(CommandBehavior behavior, Boolean async, CancellationToken cancellationToken)
   at Npgsql.NpgsqlCommand.ExecuteReader(CommandBehavior behavior, Boolean async, CancellationToken cancellationToken)
   at Npgsql.NpgsqlCommand.ExecuteNonQuery(Boolean async, CancellationToken cancellationToken)
   at Npgsql.NpgsqlCommand.ExecuteNonQuery()
   at Dapper.SqlMapper.ExecuteCommand(IDbConnection cnn, CommandDefinition& command, Action`2 paramReader) in /_/Dapper/SqlMapper.cs:line 2848
   at Dapper.SqlMapper.ExecuteImpl(IDbConnection cnn, CommandDefinition& command) in /_/Dapper/SqlMapper.cs:line 581
   at Dapper.SqlMapper.Execute(IDbConnection cnn, String sql, Object param, IDbTransaction transaction, Nullable`1 commandTimeout, Nullable`1 commandType) in /_/Dapper/SqlMapper.cs:line 452
   at Hangfire.PostgreSql.PostgreSqlDistributedLock.TransactionLockHandler.TryLock(IDbConnection connection, String schemaName, String resource)
   at Hangfire.PostgreSql.PostgreSqlDistributedLock.LockHandler.Lock(String resource, TimeSpan timeout, IDbConnection connection, PostgreSqlStorageOptions options)
   --- End of inner exception stack trace ---
   at Hangfire.PostgreSql.PostgreSqlDistributedLock.LockHandler.Lock(String resource, TimeSpan timeout, IDbConnection connection, PostgreSqlStorageOptions options)
   at Hangfire.PostgreSql.PostgreSqlDistributedLock.Acquire(IDbConnection connection, String resource, TimeSpan timeout, PostgreSqlStorageOptions options)
   at Hangfire.PostgreSql.PostgreSqlConnection.AcquireLock(String resource, TimeSpan timeout)
   at Hangfire.PostgreSql.PostgreSqlConnection.AcquireDistributedLock(String resource, TimeSpan timeout)
   at Hangfire.Server.DelayedJobScheduler.UseConnectionDistributedLock[T](JobStorage storage, Func`2 action)
   at Hangfire.Server.DelayedJobScheduler.Execute(BackgroundProcessContext context)
   at Hangfire.Server.BackgroundProcessDispatcherBuilder.ExecuteProcess(Guid executionId, Object state)
   at Hangfire.Processing.BackgroundExecution.Run(Action`2 callback, Object state)

2023-09-13 00:36:17.609 [WRN] Failed to determine the https port for redirect. 

2023-09-13 00:37:49.505 [WRN] Failed to determine the https port for redirect. 

2023-09-13 10:13:03.085 [WRN] Failed to determine the https port for redirect. 

2023-09-13 10:15:28.739 [WRN] Failed to determine the https port for redirect. 

2023-09-13 13:36:52.270 [WRN] Failed to determine the https port for redirect. 

2023-09-13 14:08:51.732 [WRN] Failed to determine the https port for redirect. 

2023-09-13 14:10:13.643 [WRN] Failed to determine the https port for redirect. 

2023-09-13 14:11:27.597 [WRN] Failed to determine the https port for redirect. 

2023-09-13 14:12:39.773 [ERR] An unhandled exception has occurred while executing the request. 
System.FormatException: An error occurred while deserializing the NgayTao property of class CenIT.DegreeManagement.CoreAPI.Core.Models.BaseModel: Invalid element: '$date'.
 ---> MongoDB.Bson.BsonSerializationException: Invalid element: '$date'.
   at MongoDB.Bson.Serialization.Serializers.SerializerHelper.DeserializeMembers(BsonDeserializationContext context, Action`2 memberHandler)
   at MongoDB.Bson.Serialization.Serializers.DateTimeSerializer.Deserialize(BsonDeserializationContext context, BsonDeserializationArgs args)
   at MongoDB.Bson.Serialization.IBsonSerializerExtensions.Deserialize[TValue](IBsonSerializer`1 serializer, BsonDeserializationContext context)
   at MongoDB.Bson.Serialization.Serializers.NullableSerializer`1.Deserialize(BsonDeserializationContext context, BsonDeserializationArgs args)
   at MongoDB.Bson.Serialization.Serializers.SerializerBase`1.MongoDB.Bson.Serialization.IBsonSerializer.Deserialize(BsonDeserializationContext context, BsonDeserializationArgs args)
   at MongoDB.Bson.Serialization.IBsonSerializerExtensions.Deserialize(IBsonSerializer serializer, BsonDeserializationContext context)
   at MongoDB.Bson.Serialization.BsonClassMapSerializer`1.DeserializeMemberValue(BsonDeserializationContext context, BsonMemberMap memberMap)
   --- End of inner exception stack trace ---
   at MongoDB.Bson.Serialization.BsonClassMapSerializer`1.DeserializeMemberValue(BsonDeserializationContext context, BsonMemberMap memberMap)
   at MongoDB.Bson.Serialization.BsonClassMapSerializer`1.DeserializeClass(BsonDeserializationContext context)
   at MongoDB.Bson.Serialization.BsonClassMapSerializer`1.Deserialize(BsonDeserializationContext context, BsonDeserializationArgs args)
   at MongoDB.Bson.Serialization.IBsonSerializerExtensions.Deserialize[TValue](IBsonSerializer`1 serializer, BsonDeserializationContext context)
   at MongoDB.Driver.Core.Operations.CursorBatchDeserializationHelper.DeserializeBatch[TDocument](RawBsonArray batch, IBsonSerializer`1 documentSerializer, MessageEncoderSettings messageEncoderSettings)
   at MongoDB.Driver.Core.Operations.FindOperation`1.CreateFirstCursorBatch(BsonDocument cursorDocument)
   at MongoDB.Driver.Core.Operations.FindOperation`1.CreateCursor(IChannelSourceHandle channelSource, IChannelHandle channel, BsonDocument commandResult)
   at MongoDB.Driver.Core.Operations.FindOperation`1.Execute(RetryableReadContext context, CancellationToken cancellationToken)
   at MongoDB.Driver.Core.Operations.FindOperation`1.Execute(IReadBinding binding, CancellationToken cancellationToken)
   at MongoDB.Driver.OperationExecutor.ExecuteReadOperation[TResult](IReadBinding binding, IReadOperation`1 operation, CancellationToken cancellationToken)
   at MongoDB.Driver.MongoCollectionImpl`1.ExecuteReadOperation[TResult](IClientSessionHandle session, IReadOperation`1 operation, ReadPreference readPreference, CancellationToken cancellationToken)
   at MongoDB.Driver.MongoCollectionImpl`1.ExecuteReadOperation[TResult](IClientSessionHandle session, IReadOperation`1 operation, CancellationToken cancellationToken)
   at MongoDB.Driver.MongoCollectionImpl`1.FindSync[TProjection](IClientSessionHandle session, FilterDefinition`1 filter, FindOptions`2 options, CancellationToken cancellationToken)
   at MongoDB.Driver.MongoCollectionImpl`1.<>c__DisplayClass46_0`1.<FindSync>b__0(IClientSessionHandle session)
   at MongoDB.Driver.MongoCollectionImpl`1.UsingImplicitSession[TResult](Func`2 func, CancellationToken cancellationToken)
   at MongoDB.Driver.MongoCollectionImpl`1.FindSync[TProjection](FilterDefinition`1 filter, FindOptions`2 options, CancellationToken cancellationToken)
   at MongoDB.Driver.FindFluent`2.ToCursor(CancellationToken cancellationToken)
   at MongoDB.Driver.IAsyncCursorSourceExtensions.ToList[TDocument](IAsyncCursorSource`1 source, CancellationToken cancellationToken)
   at CenIT.DegreeManagement.CoreAPI.Bussiness.Phoi.PhoiGocBL.GetSearchPhoiGoc(Int32& total, SearchParamModel modelSearch) in D:\Workpace_VNPT\QuanLyVanBang\BackEnd\CenIT.DegreeManagement\CenIT.DegreeManagement.CoreAPI\CenIT.DegreeManagement.CoreAPI.Bussiness\Phoi\PhoiGocBL.cs:line 232
   at CenIT.DegreeManagement.CoreAPI.Caching.Phoi.PhoiGocCL.GetSearchPhoiGoc(Int32& total, SearchParamModel modelSearch) in D:\Workpace_VNPT\QuanLyVanBang\BackEnd\CenIT.DegreeManagement\CenIT.DegreeManagement.CoreAPI\CenIT.DegreeManagement.CoreAPI.Caching\Phoi\PhoiGocCL.cs:line 102
   at CenIT.DegreeManagement.CoreAPI.Controllers.Phoi.PhoiGocController.GetSearch(SearchParamModel model) in D:\Workpace_VNPT\QuanLyVanBang\BackEnd\CenIT.DegreeManagement\CenIT.DegreeManagement.CoreAPI\CenIT.DegreeManagement.CoreAPI\Controllers\Phoi\PhoiGocController.cs:line 166
   at lambda_method21(Closure , Object , Object[] )
   at Microsoft.AspNetCore.Mvc.Infrastructure.ActionMethodExecutor.SyncActionResultExecutor.Execute(IActionResultTypeMapper mapper, ObjectMethodExecutor executor, Object controller, Object[] arguments)
   at Microsoft.AspNetCore.Mvc.Infrastructure.ControllerActionInvoker.InvokeActionMethodAsync()
   at Microsoft.AspNetCore.Mvc.Infrastructure.ControllerActionInvoker.Next(State& next, Scope& scope, Object& state, Boolean& isCompleted)
   at Microsoft.AspNetCore.Mvc.Infrastructure.ControllerActionInvoker.InvokeNextActionFilterAsync()
--- End of stack trace from previous location ---
   at Microsoft.AspNetCore.Mvc.Infrastructure.ControllerActionInvoker.Rethrow(ActionExecutedContextSealed context)
   at Microsoft.AspNetCore.Mvc.Infrastructure.ControllerActionInvoker.Next(State& next, Scope& scope, Object& state, Boolean& isCompleted)
   at Microsoft.AspNetCore.Mvc.Infrastructure.ControllerActionInvoker.InvokeInnerFilterAsync()
--- End of stack trace from previous location ---
   at Microsoft.AspNetCore.Mvc.Infrastructure.ResourceInvoker.<InvokeNextResourceFilter>g__Awaited|25_0(ResourceInvoker invoker, Task lastTask, State next, Scope scope, Object state, Boolean isCompleted)
   at Microsoft.AspNetCore.Mvc.Infrastructure.ResourceInvoker.Rethrow(ResourceExecutedContextSealed context)
   at Microsoft.AspNetCore.Mvc.Infrastructure.ResourceInvoker.Next(State& next, Scope& scope, Object& state, Boolean& isCompleted)
   at Microsoft.AspNetCore.Mvc.Infrastructure.ResourceInvoker.InvokeFilterPipelineAsync()
--- End of stack trace from previous location ---
   at Microsoft.AspNetCore.Mvc.Infrastructure.ResourceInvoker.<InvokeAsync>g__Awaited|17_0(ResourceInvoker invoker, Task task, IDisposable scope)
   at Microsoft.AspNetCore.Mvc.Infrastructure.ResourceInvoker.<InvokeAsync>g__Awaited|17_0(ResourceInvoker invoker, Task task, IDisposable scope)
   at Microsoft.AspNetCore.Routing.EndpointMiddleware.<Invoke>g__AwaitRequestTask|6_0(Endpoint endpoint, Task requestTask, ILogger logger)
   at CenIT.DegreeManagement.CoreAPI.Middleware.EnableRequestBodyBufferingMiddleware.InvokeAsync(HttpContext context) in D:\Workpace_VNPT\QuanLyVanBang\BackEnd\CenIT.DegreeManagement\CenIT.DegreeManagement.CoreAPI\CenIT.DegreeManagement.CoreAPI\Middleware\EnableRequestBodyBufferingMiddleware.cs:line 21
   at Microsoft.AspNetCore.Authorization.AuthorizationMiddleware.Invoke(HttpContext context)
   at Swashbuckle.AspNetCore.SwaggerUI.SwaggerUIMiddleware.Invoke(HttpContext httpContext)
   at Swashbuckle.AspNetCore.Swagger.SwaggerMiddleware.Invoke(HttpContext httpContext, ISwaggerProvider swaggerProvider)
   at Microsoft.AspNetCore.Localization.RequestLocalizationMiddleware.Invoke(HttpContext context)
   at Microsoft.AspNetCore.Diagnostics.DeveloperExceptionPageMiddleware.Invoke(HttpContext context)

2023-09-13 14:18:19.728 [WRN] Failed to determine the https port for redirect. 

2023-09-13 14:20:14.727 [WRN] Failed to determine the https port for redirect. 

2023-09-13 14:22:51.792 [WRN] Failed to determine the https port for redirect. 

2023-09-13 14:47:22.389 [WRN] Failed to determine the https port for redirect. 

2023-09-13 14:51:43.456 [WRN] Failed to determine the https port for redirect. 

2023-09-13 15:09:18.484 [WRN] Failed to determine the https port for redirect. 

2023-09-13 15:12:18.422 [WRN] Failed to determine the https port for redirect. 

2023-09-13 16:20:27.052 [WRN] Failed to determine the https port for redirect. 

2023-09-13 16:29:49.447 [WRN] Failed to determine the https port for redirect. 

2023-09-13 16:31:56.816 [WRN] Failed to determine the https port for redirect. 

2023-09-13 17:17:38.251 [WRN] Failed to determine the https port for redirect. 

2023-09-13 17:32:39.167 [ERR] An unhandled exception has occurred while executing the request. 
System.ArgumentException: Parameter not found
   at Npgsql.NpgsqlParameterCollection.get_Item(String parameterName)
   at CenIT.DegreeManagement.CoreAPI.Core.Business.NpgsqlConnector.ExcuteStoreProcedureReturnINT(String procedureName, DbParameter[] parameters) in D:\Workpace_VNPT\QuanLyVanBang\BackEnd\CenIT.DegreeManagement\CenIT.DegreeManagement.CoreAPI\CenIT.DegreeManagement.CoreAPI.Core\Business\NpgsqlConnector.cs:line 151
   at CenIT.DegreeManagement.CoreAPI.Core.Processor.ConnectionProcessor.ExcuteProcedureReturnValue(String procedureName, DbParameter[] parameters) in D:\Workpace_VNPT\QuanLyVanBang\BackEnd\CenIT.DegreeManagement\CenIT.DegreeManagement.CoreAPI\CenIT.DegreeManagement.CoreAPI.Core\Processor\ConnectionProcessor.cs:line 59
   at CenIT.DegreeManagement.CoreAPI.Bussiness.Sys.MessageBL.Save(MessageInputModel model) in D:\Workpace_VNPT\QuanLyVanBang\BackEnd\CenIT.DegreeManagement\CenIT.DegreeManagement.CoreAPI\CenIT.DegreeManagement.CoreAPI.Bussiness\Sys\MessageBL.cs:line 131
   at CenIT.DegreeManagement.CoreAPI.Caching.Sys.MessageCL.Save(MessageInputModel model) in D:\Workpace_VNPT\QuanLyVanBang\BackEnd\CenIT.DegreeManagement\CenIT.DegreeManagement.CoreAPI\CenIT.DegreeManagement.CoreAPI.Caching\Sys\MessageCL.cs:line 39
   at CenIT.DegreeManagement.CoreAPI.Controllers.DuLieuHocSinh.HocSinhTruongController.ConfirmALL(String idTruong, String idDanhMucTotNghiep) in D:\Workpace_VNPT\QuanLyVanBang\BackEnd\CenIT.DegreeManagement\CenIT.DegreeManagement.CoreAPI\CenIT.DegreeManagement.CoreAPI\Controllers\DuLieuHocSinh\HocSinhTruongController.cs:line 344
   at Microsoft.AspNetCore.Mvc.Infrastructure.ActionMethodExecutor.TaskOfIActionResultExecutor.Execute(IActionResultTypeMapper mapper, ObjectMethodExecutor executor, Object controller, Object[] arguments)
   at Microsoft.AspNetCore.Mvc.Infrastructure.ControllerActionInvoker.<InvokeActionMethodAsync>g__Awaited|12_0(ControllerActionInvoker invoker, ValueTask`1 actionResultValueTask)
   at Microsoft.AspNetCore.Mvc.Infrastructure.ControllerActionInvoker.<InvokeNextActionFilterAsync>g__Awaited|10_0(ControllerActionInvoker invoker, Task lastTask, State next, Scope scope, Object state, Boolean isCompleted)
   at Microsoft.AspNetCore.Mvc.Infrastructure.ControllerActionInvoker.Rethrow(ActionExecutedContextSealed context)
   at Microsoft.AspNetCore.Mvc.Infrastructure.ControllerActionInvoker.Next(State& next, Scope& scope, Object& state, Boolean& isCompleted)
   at Microsoft.AspNetCore.Mvc.Infrastructure.ControllerActionInvoker.InvokeInnerFilterAsync()
--- End of stack trace from previous location ---
   at Microsoft.AspNetCore.Mvc.Infrastructure.ResourceInvoker.<InvokeNextResourceFilter>g__Awaited|25_0(ResourceInvoker invoker, Task lastTask, State next, Scope scope, Object state, Boolean isCompleted)
   at Microsoft.AspNetCore.Mvc.Infrastructure.ResourceInvoker.Rethrow(ResourceExecutedContextSealed context)
   at Microsoft.AspNetCore.Mvc.Infrastructure.ResourceInvoker.Next(State& next, Scope& scope, Object& state, Boolean& isCompleted)
   at Microsoft.AspNetCore.Mvc.Infrastructure.ResourceInvoker.InvokeFilterPipelineAsync()
--- End of stack trace from previous location ---
   at Microsoft.AspNetCore.Mvc.Infrastructure.ResourceInvoker.<InvokeAsync>g__Awaited|17_0(ResourceInvoker invoker, Task task, IDisposable scope)
   at Microsoft.AspNetCore.Mvc.Infrastructure.ResourceInvoker.<InvokeAsync>g__Awaited|17_0(ResourceInvoker invoker, Task task, IDisposable scope)
   at Microsoft.AspNetCore.Routing.EndpointMiddleware.<Invoke>g__AwaitRequestTask|6_0(Endpoint endpoint, Task requestTask, ILogger logger)
   at CenIT.DegreeManagement.CoreAPI.Middleware.EnableRequestBodyBufferingMiddleware.InvokeAsync(HttpContext context) in D:\Workpace_VNPT\QuanLyVanBang\BackEnd\CenIT.DegreeManagement\CenIT.DegreeManagement.CoreAPI\CenIT.DegreeManagement.CoreAPI\Middleware\EnableRequestBodyBufferingMiddleware.cs:line 21
   at Microsoft.AspNetCore.Authorization.AuthorizationMiddleware.Invoke(HttpContext context)
   at Swashbuckle.AspNetCore.SwaggerUI.SwaggerUIMiddleware.Invoke(HttpContext httpContext)
   at Swashbuckle.AspNetCore.Swagger.SwaggerMiddleware.Invoke(HttpContext httpContext, ISwaggerProvider swaggerProvider)
   at Microsoft.AspNetCore.Localization.RequestLocalizationMiddleware.Invoke(HttpContext context)
   at Microsoft.AspNetCore.Diagnostics.DeveloperExceptionPageMiddleware.Invoke(HttpContext context)

2023-09-13 17:35:09.517 [WRN] Failed to determine the https port for redirect. 

2023-09-13 17:36:26.507 [ERR] An unhandled exception has occurred while executing the request. 
System.ArgumentException: Parameter not found
   at Npgsql.NpgsqlParameterCollection.get_Item(String parameterName)
   at CenIT.DegreeManagement.CoreAPI.Core.Business.NpgsqlConnector.ExcuteStoreProcedureReturnINT(String procedureName, DbParameter[] parameters) in D:\Workpace_VNPT\QuanLyVanBang\BackEnd\CenIT.DegreeManagement\CenIT.DegreeManagement.CoreAPI\CenIT.DegreeManagement.CoreAPI.Core\Business\NpgsqlConnector.cs:line 151
   at CenIT.DegreeManagement.CoreAPI.Core.Processor.ConnectionProcessor.ExcuteProcedureReturnValue(String procedureName, DbParameter[] parameters) in D:\Workpace_VNPT\QuanLyVanBang\BackEnd\CenIT.DegreeManagement\CenIT.DegreeManagement.CoreAPI\CenIT.DegreeManagement.CoreAPI.Core\Processor\ConnectionProcessor.cs:line 59
   at CenIT.DegreeManagement.CoreAPI.Bussiness.Sys.MessageBL.Save(MessageInputModel model) in D:\Workpace_VNPT\QuanLyVanBang\BackEnd\CenIT.DegreeManagement\CenIT.DegreeManagement.CoreAPI\CenIT.DegreeManagement.CoreAPI.Bussiness\Sys\MessageBL.cs:line 131
   at CenIT.DegreeManagement.CoreAPI.Caching.Sys.MessageCL.Save(MessageInputModel model) in D:\Workpace_VNPT\QuanLyVanBang\BackEnd\CenIT.DegreeManagement\CenIT.DegreeManagement.CoreAPI\CenIT.DegreeManagement.CoreAPI.Caching\Sys\MessageCL.cs:line 39
   at CenIT.DegreeManagement.CoreAPI.Controllers.DuLieuHocSinh.HocSinhTruongController.ConfirmALL(String idTruong, String idDanhMucTotNghiep) in D:\Workpace_VNPT\QuanLyVanBang\BackEnd\CenIT.DegreeManagement\CenIT.DegreeManagement.CoreAPI\CenIT.DegreeManagement.CoreAPI\Controllers\DuLieuHocSinh\HocSinhTruongController.cs:line 344
   at Microsoft.AspNetCore.Mvc.Infrastructure.ActionMethodExecutor.TaskOfIActionResultExecutor.Execute(IActionResultTypeMapper mapper, ObjectMethodExecutor executor, Object controller, Object[] arguments)
   at Microsoft.AspNetCore.Mvc.Infrastructure.ControllerActionInvoker.<InvokeActionMethodAsync>g__Awaited|12_0(ControllerActionInvoker invoker, ValueTask`1 actionResultValueTask)
   at Microsoft.AspNetCore.Mvc.Infrastructure.ControllerActionInvoker.<InvokeNextActionFilterAsync>g__Awaited|10_0(ControllerActionInvoker invoker, Task lastTask, State next, Scope scope, Object state, Boolean isCompleted)
   at Microsoft.AspNetCore.Mvc.Infrastructure.ControllerActionInvoker.Rethrow(ActionExecutedContextSealed context)
   at Microsoft.AspNetCore.Mvc.Infrastructure.ControllerActionInvoker.Next(State& next, Scope& scope, Object& state, Boolean& isCompleted)
   at Microsoft.AspNetCore.Mvc.Infrastructure.ControllerActionInvoker.InvokeInnerFilterAsync()
--- End of stack trace from previous location ---
   at Microsoft.AspNetCore.Mvc.Infrastructure.ResourceInvoker.<InvokeNextResourceFilter>g__Awaited|25_0(ResourceInvoker invoker, Task lastTask, State next, Scope scope, Object state, Boolean isCompleted)
   at Microsoft.AspNetCore.Mvc.Infrastructure.ResourceInvoker.Rethrow(ResourceExecutedContextSealed context)
   at Microsoft.AspNetCore.Mvc.Infrastructure.ResourceInvoker.Next(State& next, Scope& scope, Object& state, Boolean& isCompleted)
   at Microsoft.AspNetCore.Mvc.Infrastructure.ResourceInvoker.InvokeFilterPipelineAsync()
--- End of stack trace from previous location ---
   at Microsoft.AspNetCore.Mvc.Infrastructure.ResourceInvoker.<InvokeAsync>g__Awaited|17_0(ResourceInvoker invoker, Task task, IDisposable scope)
   at Microsoft.AspNetCore.Mvc.Infrastructure.ResourceInvoker.<InvokeAsync>g__Awaited|17_0(ResourceInvoker invoker, Task task, IDisposable scope)
   at Microsoft.AspNetCore.Routing.EndpointMiddleware.<Invoke>g__AwaitRequestTask|6_0(Endpoint endpoint, Task requestTask, ILogger logger)
   at CenIT.DegreeManagement.CoreAPI.Middleware.EnableRequestBodyBufferingMiddleware.InvokeAsync(HttpContext context) in D:\Workpace_VNPT\QuanLyVanBang\BackEnd\CenIT.DegreeManagement\CenIT.DegreeManagement.CoreAPI\CenIT.DegreeManagement.CoreAPI\Middleware\EnableRequestBodyBufferingMiddleware.cs:line 21
   at Microsoft.AspNetCore.Authorization.AuthorizationMiddleware.Invoke(HttpContext context)
   at Swashbuckle.AspNetCore.SwaggerUI.SwaggerUIMiddleware.Invoke(HttpContext httpContext)
   at Swashbuckle.AspNetCore.Swagger.SwaggerMiddleware.Invoke(HttpContext httpContext, ISwaggerProvider swaggerProvider)
   at Microsoft.AspNetCore.Localization.RequestLocalizationMiddleware.Invoke(HttpContext context)
   at Microsoft.AspNetCore.Diagnostics.DeveloperExceptionPageMiddleware.Invoke(HttpContext context)

2023-09-13 17:39:26.250 [ERR] An unhandled exception has occurred while executing the request. 
System.ArgumentException: Parameter not found
   at Npgsql.NpgsqlParameterCollection.get_Item(String parameterName)
   at CenIT.DegreeManagement.CoreAPI.Core.Business.NpgsqlConnector.ExcuteStoreProcedureReturnINT(String procedureName, DbParameter[] parameters) in D:\Workpace_VNPT\QuanLyVanBang\BackEnd\CenIT.DegreeManagement\CenIT.DegreeManagement.CoreAPI\CenIT.DegreeManagement.CoreAPI.Core\Business\NpgsqlConnector.cs:line 151
   at CenIT.DegreeManagement.CoreAPI.Core.Processor.ConnectionProcessor.ExcuteProcedureReturnValue(String procedureName, DbParameter[] parameters) in D:\Workpace_VNPT\QuanLyVanBang\BackEnd\CenIT.DegreeManagement\CenIT.DegreeManagement.CoreAPI\CenIT.DegreeManagement.CoreAPI.Core\Processor\ConnectionProcessor.cs:line 59
   at CenIT.DegreeManagement.CoreAPI.Bussiness.Sys.MessageBL.Save(MessageInputModel model) in D:\Workpace_VNPT\QuanLyVanBang\BackEnd\CenIT.DegreeManagement\CenIT.DegreeManagement.CoreAPI\CenIT.DegreeManagement.CoreAPI.Bussiness\Sys\MessageBL.cs:line 131
   at CenIT.DegreeManagement.CoreAPI.Caching.Sys.MessageCL.Save(MessageInputModel model) in D:\Workpace_VNPT\QuanLyVanBang\BackEnd\CenIT.DegreeManagement\CenIT.DegreeManagement.CoreAPI\CenIT.DegreeManagement.CoreAPI.Caching\Sys\MessageCL.cs:line 39
   at CenIT.DegreeManagement.CoreAPI.Controllers.DuLieuHocSinh.HocSinhPhongController.GiveBackAll(String idTruong, String idDanhMucTotNghiep) in D:\Workpace_VNPT\QuanLyVanBang\BackEnd\CenIT.DegreeManagement\CenIT.DegreeManagement.CoreAPI\CenIT.DegreeManagement.CoreAPI\Controllers\DuLieuHocSinh\HocSinhPhongController.cs:line 320
   at Microsoft.AspNetCore.Mvc.Infrastructure.ActionMethodExecutor.TaskOfIActionResultExecutor.Execute(IActionResultTypeMapper mapper, ObjectMethodExecutor executor, Object controller, Object[] arguments)
   at Microsoft.AspNetCore.Mvc.Infrastructure.ControllerActionInvoker.<InvokeActionMethodAsync>g__Awaited|12_0(ControllerActionInvoker invoker, ValueTask`1 actionResultValueTask)
   at Microsoft.AspNetCore.Mvc.Infrastructure.ControllerActionInvoker.<InvokeNextActionFilterAsync>g__Awaited|10_0(ControllerActionInvoker invoker, Task lastTask, State next, Scope scope, Object state, Boolean isCompleted)
   at Microsoft.AspNetCore.Mvc.Infrastructure.ControllerActionInvoker.Rethrow(ActionExecutedContextSealed context)
   at Microsoft.AspNetCore.Mvc.Infrastructure.ControllerActionInvoker.Next(State& next, Scope& scope, Object& state, Boolean& isCompleted)
   at Microsoft.AspNetCore.Mvc.Infrastructure.ControllerActionInvoker.InvokeInnerFilterAsync()
--- End of stack trace from previous location ---
   at Microsoft.AspNetCore.Mvc.Infrastructure.ResourceInvoker.<InvokeNextResourceFilter>g__Awaited|25_0(ResourceInvoker invoker, Task lastTask, State next, Scope scope, Object state, Boolean isCompleted)
   at Microsoft.AspNetCore.Mvc.Infrastructure.ResourceInvoker.Rethrow(ResourceExecutedContextSealed context)
   at Microsoft.AspNetCore.Mvc.Infrastructure.ResourceInvoker.Next(State& next, Scope& scope, Object& state, Boolean& isCompleted)
   at Microsoft.AspNetCore.Mvc.Infrastructure.ResourceInvoker.InvokeFilterPipelineAsync()
--- End of stack trace from previous location ---
   at Microsoft.AspNetCore.Mvc.Infrastructure.ResourceInvoker.<InvokeAsync>g__Awaited|17_0(ResourceInvoker invoker, Task task, IDisposable scope)
   at Microsoft.AspNetCore.Mvc.Infrastructure.ResourceInvoker.<InvokeAsync>g__Awaited|17_0(ResourceInvoker invoker, Task task, IDisposable scope)
   at Microsoft.AspNetCore.Routing.EndpointMiddleware.<Invoke>g__AwaitRequestTask|6_0(Endpoint endpoint, Task requestTask, ILogger logger)
   at CenIT.DegreeManagement.CoreAPI.Middleware.EnableRequestBodyBufferingMiddleware.InvokeAsync(HttpContext context) in D:\Workpace_VNPT\QuanLyVanBang\BackEnd\CenIT.DegreeManagement\CenIT.DegreeManagement.CoreAPI\CenIT.DegreeManagement.CoreAPI\Middleware\EnableRequestBodyBufferingMiddleware.cs:line 21
   at Microsoft.AspNetCore.Authorization.AuthorizationMiddleware.Invoke(HttpContext context)
   at Swashbuckle.AspNetCore.SwaggerUI.SwaggerUIMiddleware.Invoke(HttpContext httpContext)
   at Swashbuckle.AspNetCore.Swagger.SwaggerMiddleware.Invoke(HttpContext httpContext, ISwaggerProvider swaggerProvider)
   at Microsoft.AspNetCore.Localization.RequestLocalizationMiddleware.Invoke(HttpContext context)
   at Microsoft.AspNetCore.Diagnostics.DeveloperExceptionPageMiddleware.Invoke(HttpContext context)

2023-09-13 17:40:39.592 [ERR] An unhandled exception has occurred while executing the request. 
System.ArgumentException: Parameter not found
   at Npgsql.NpgsqlParameterCollection.get_Item(String parameterName)
   at CenIT.DegreeManagement.CoreAPI.Core.Business.NpgsqlConnector.ExcuteStoreProcedureReturnINT(String procedureName, DbParameter[] parameters) in D:\Workpace_VNPT\QuanLyVanBang\BackEnd\CenIT.DegreeManagement\CenIT.DegreeManagement.CoreAPI\CenIT.DegreeManagement.CoreAPI.Core\Business\NpgsqlConnector.cs:line 151
   at CenIT.DegreeManagement.CoreAPI.Core.Processor.ConnectionProcessor.ExcuteProcedureReturnValue(String procedureName, DbParameter[] parameters) in D:\Workpace_VNPT\QuanLyVanBang\BackEnd\CenIT.DegreeManagement\CenIT.DegreeManagement.CoreAPI\CenIT.DegreeManagement.CoreAPI.Core\Processor\ConnectionProcessor.cs:line 59
   at CenIT.DegreeManagement.CoreAPI.Bussiness.Sys.MessageBL.Save(MessageInputModel model) in D:\Workpace_VNPT\QuanLyVanBang\BackEnd\CenIT.DegreeManagement\CenIT.DegreeManagement.CoreAPI\CenIT.DegreeManagement.CoreAPI.Bussiness\Sys\MessageBL.cs:line 131
   at CenIT.DegreeManagement.CoreAPI.Caching.Sys.MessageCL.Save(MessageInputModel model) in D:\Workpace_VNPT\QuanLyVanBang\BackEnd\CenIT.DegreeManagement\CenIT.DegreeManagement.CoreAPI\CenIT.DegreeManagement.CoreAPI.Caching\Sys\MessageCL.cs:line 39
   at CenIT.DegreeManagement.CoreAPI.Controllers.DuLieuHocSinh.HocSinhTruongController.ConfirmALL(String idTruong, String idDanhMucTotNghiep) in D:\Workpace_VNPT\QuanLyVanBang\BackEnd\CenIT.DegreeManagement\CenIT.DegreeManagement.CoreAPI\CenIT.DegreeManagement.CoreAPI\Controllers\DuLieuHocSinh\HocSinhTruongController.cs:line 344
   at Microsoft.AspNetCore.Mvc.Infrastructure.ActionMethodExecutor.TaskOfIActionResultExecutor.Execute(IActionResultTypeMapper mapper, ObjectMethodExecutor executor, Object controller, Object[] arguments)
   at Microsoft.AspNetCore.Mvc.Infrastructure.ControllerActionInvoker.<InvokeActionMethodAsync>g__Awaited|12_0(ControllerActionInvoker invoker, ValueTask`1 actionResultValueTask)
   at Microsoft.AspNetCore.Mvc.Infrastructure.ControllerActionInvoker.<InvokeNextActionFilterAsync>g__Awaited|10_0(ControllerActionInvoker invoker, Task lastTask, State next, Scope scope, Object state, Boolean isCompleted)
   at Microsoft.AspNetCore.Mvc.Infrastructure.ControllerActionInvoker.Rethrow(ActionExecutedContextSealed context)
   at Microsoft.AspNetCore.Mvc.Infrastructure.ControllerActionInvoker.Next(State& next, Scope& scope, Object& state, Boolean& isCompleted)
   at Microsoft.AspNetCore.Mvc.Infrastructure.ControllerActionInvoker.InvokeInnerFilterAsync()
--- End of stack trace from previous location ---
   at Microsoft.AspNetCore.Mvc.Infrastructure.ResourceInvoker.<InvokeNextResourceFilter>g__Awaited|25_0(ResourceInvoker invoker, Task lastTask, State next, Scope scope, Object state, Boolean isCompleted)
   at Microsoft.AspNetCore.Mvc.Infrastructure.ResourceInvoker.Rethrow(ResourceExecutedContextSealed context)
   at Microsoft.AspNetCore.Mvc.Infrastructure.ResourceInvoker.Next(State& next, Scope& scope, Object& state, Boolean& isCompleted)
   at Microsoft.AspNetCore.Mvc.Infrastructure.ResourceInvoker.InvokeFilterPipelineAsync()
--- End of stack trace from previous location ---
   at Microsoft.AspNetCore.Mvc.Infrastructure.ResourceInvoker.<InvokeAsync>g__Awaited|17_0(ResourceInvoker invoker, Task task, IDisposable scope)
   at Microsoft.AspNetCore.Mvc.Infrastructure.ResourceInvoker.<InvokeAsync>g__Awaited|17_0(ResourceInvoker invoker, Task task, IDisposable scope)
   at Microsoft.AspNetCore.Routing.EndpointMiddleware.<Invoke>g__AwaitRequestTask|6_0(Endpoint endpoint, Task requestTask, ILogger logger)
   at CenIT.DegreeManagement.CoreAPI.Middleware.EnableRequestBodyBufferingMiddleware.InvokeAsync(HttpContext context) in D:\Workpace_VNPT\QuanLyVanBang\BackEnd\CenIT.DegreeManagement\CenIT.DegreeManagement.CoreAPI\CenIT.DegreeManagement.CoreAPI\Middleware\EnableRequestBodyBufferingMiddleware.cs:line 21
   at Microsoft.AspNetCore.Authorization.AuthorizationMiddleware.Invoke(HttpContext context)
   at Swashbuckle.AspNetCore.SwaggerUI.SwaggerUIMiddleware.Invoke(HttpContext httpContext)
   at Swashbuckle.AspNetCore.Swagger.SwaggerMiddleware.Invoke(HttpContext httpContext, ISwaggerProvider swaggerProvider)
   at Microsoft.AspNetCore.Localization.RequestLocalizationMiddleware.Invoke(HttpContext context)
   at Microsoft.AspNetCore.Diagnostics.DeveloperExceptionPageMiddleware.Invoke(HttpContext context)

2023-09-13 17:43:23.104 [ERR] An unhandled exception has occurred while executing the request. 
System.ArgumentException: Parameter not found
   at Npgsql.NpgsqlParameterCollection.get_Item(String parameterName)
   at CenIT.DegreeManagement.CoreAPI.Core.Business.NpgsqlConnector.ExcuteStoreProcedureReturnINT(String procedureName, DbParameter[] parameters) in D:\Workpace_VNPT\QuanLyVanBang\BackEnd\CenIT.DegreeManagement\CenIT.DegreeManagement.CoreAPI\CenIT.DegreeManagement.CoreAPI.Core\Business\NpgsqlConnector.cs:line 151
   at CenIT.DegreeManagement.CoreAPI.Core.Processor.ConnectionProcessor.ExcuteProcedureReturnValue(String procedureName, DbParameter[] parameters) in D:\Workpace_VNPT\QuanLyVanBang\BackEnd\CenIT.DegreeManagement\CenIT.DegreeManagement.CoreAPI\CenIT.DegreeManagement.CoreAPI.Core\Processor\ConnectionProcessor.cs:line 59
   at CenIT.DegreeManagement.CoreAPI.Bussiness.Sys.MessageBL.Save(MessageInputModel model) in D:\Workpace_VNPT\QuanLyVanBang\BackEnd\CenIT.DegreeManagement\CenIT.DegreeManagement.CoreAPI\CenIT.DegreeManagement.CoreAPI.Bussiness\Sys\MessageBL.cs:line 131
   at CenIT.DegreeManagement.CoreAPI.Caching.Sys.MessageCL.Save(MessageInputModel model) in D:\Workpace_VNPT\QuanLyVanBang\BackEnd\CenIT.DegreeManagement\CenIT.DegreeManagement.CoreAPI\CenIT.DegreeManagement.CoreAPI.Caching\Sys\MessageCL.cs:line 39
   at CenIT.DegreeManagement.CoreAPI.Controllers.DuLieuHocSinh.HocSinhPhongController.GiveBackAll(String idTruong, String idDanhMucTotNghiep) in D:\Workpace_VNPT\QuanLyVanBang\BackEnd\CenIT.DegreeManagement\CenIT.DegreeManagement.CoreAPI\CenIT.DegreeManagement.CoreAPI\Controllers\DuLieuHocSinh\HocSinhPhongController.cs:line 320
   at Microsoft.AspNetCore.Mvc.Infrastructure.ActionMethodExecutor.TaskOfIActionResultExecutor.Execute(IActionResultTypeMapper mapper, ObjectMethodExecutor executor, Object controller, Object[] arguments)
   at Microsoft.AspNetCore.Mvc.Infrastructure.ControllerActionInvoker.<InvokeActionMethodAsync>g__Awaited|12_0(ControllerActionInvoker invoker, ValueTask`1 actionResultValueTask)
   at Microsoft.AspNetCore.Mvc.Infrastructure.ControllerActionInvoker.<InvokeNextActionFilterAsync>g__Awaited|10_0(ControllerActionInvoker invoker, Task lastTask, State next, Scope scope, Object state, Boolean isCompleted)
   at Microsoft.AspNetCore.Mvc.Infrastructure.ControllerActionInvoker.Rethrow(ActionExecutedContextSealed context)
   at Microsoft.AspNetCore.Mvc.Infrastructure.ControllerActionInvoker.Next(State& next, Scope& scope, Object& state, Boolean& isCompleted)
   at Microsoft.AspNetCore.Mvc.Infrastructure.ControllerActionInvoker.<InvokeInnerFilterAsync>g__Awaited|13_0(ControllerActionInvoker invoker, Task lastTask, State next, Scope scope, Object state, Boolean isCompleted)
   at Microsoft.AspNetCore.Mvc.Infrastructure.ResourceInvoker.<InvokeNextResourceFilter>g__Awaited|25_0(ResourceInvoker invoker, Task lastTask, State next, Scope scope, Object state, Boolean isCompleted)
   at Microsoft.AspNetCore.Mvc.Infrastructure.ResourceInvoker.Rethrow(ResourceExecutedContextSealed context)
   at Microsoft.AspNetCore.Mvc.Infrastructure.ResourceInvoker.Next(State& next, Scope& scope, Object& state, Boolean& isCompleted)
   at Microsoft.AspNetCore.Mvc.Infrastructure.ResourceInvoker.<InvokeFilterPipelineAsync>g__Awaited|20_0(ResourceInvoker invoker, Task lastTask, State next, Scope scope, Object state, Boolean isCompleted)
   at Microsoft.AspNetCore.Mvc.Infrastructure.ResourceInvoker.<InvokeAsync>g__Awaited|17_0(ResourceInvoker invoker, Task task, IDisposable scope)
   at Microsoft.AspNetCore.Mvc.Infrastructure.ResourceInvoker.<InvokeAsync>g__Awaited|17_0(ResourceInvoker invoker, Task task, IDisposable scope)
   at Microsoft.AspNetCore.Routing.EndpointMiddleware.<Invoke>g__AwaitRequestTask|6_0(Endpoint endpoint, Task requestTask, ILogger logger)
   at CenIT.DegreeManagement.CoreAPI.Middleware.EnableRequestBodyBufferingMiddleware.InvokeAsync(HttpContext context) in D:\Workpace_VNPT\QuanLyVanBang\BackEnd\CenIT.DegreeManagement\CenIT.DegreeManagement.CoreAPI\CenIT.DegreeManagement.CoreAPI\Middleware\EnableRequestBodyBufferingMiddleware.cs:line 21
   at Microsoft.AspNetCore.Authorization.AuthorizationMiddleware.Invoke(HttpContext context)
   at Swashbuckle.AspNetCore.SwaggerUI.SwaggerUIMiddleware.Invoke(HttpContext httpContext)
   at Swashbuckle.AspNetCore.Swagger.SwaggerMiddleware.Invoke(HttpContext httpContext, ISwaggerProvider swaggerProvider)
   at Microsoft.AspNetCore.Localization.RequestLocalizationMiddleware.Invoke(HttpContext context)
   at Microsoft.AspNetCore.Diagnostics.DeveloperExceptionPageMiddleware.Invoke(HttpContext context)

2023-09-13 17:44:44.526 [ERR] An unhandled exception has occurred while executing the request. 
System.ArgumentException: Parameter not found
   at Npgsql.NpgsqlParameterCollection.get_Item(String parameterName)
   at CenIT.DegreeManagement.CoreAPI.Core.Business.NpgsqlConnector.ExcuteStoreProcedureReturnINT(String procedureName, DbParameter[] parameters) in D:\Workpace_VNPT\QuanLyVanBang\BackEnd\CenIT.DegreeManagement\CenIT.DegreeManagement.CoreAPI\CenIT.DegreeManagement.CoreAPI.Core\Business\NpgsqlConnector.cs:line 151
   at CenIT.DegreeManagement.CoreAPI.Core.Processor.ConnectionProcessor.ExcuteProcedureReturnValue(String procedureName, DbParameter[] parameters) in D:\Workpace_VNPT\QuanLyVanBang\BackEnd\CenIT.DegreeManagement\CenIT.DegreeManagement.CoreAPI\CenIT.DegreeManagement.CoreAPI.Core\Processor\ConnectionProcessor.cs:line 59
   at CenIT.DegreeManagement.CoreAPI.Bussiness.Sys.MessageBL.Save(MessageInputModel model) in D:\Workpace_VNPT\QuanLyVanBang\BackEnd\CenIT.DegreeManagement\CenIT.DegreeManagement.CoreAPI\CenIT.DegreeManagement.CoreAPI.Bussiness\Sys\MessageBL.cs:line 131
   at CenIT.DegreeManagement.CoreAPI.Caching.Sys.MessageCL.Save(MessageInputModel model) in D:\Workpace_VNPT\QuanLyVanBang\BackEnd\CenIT.DegreeManagement\CenIT.DegreeManagement.CoreAPI\CenIT.DegreeManagement.CoreAPI.Caching\Sys\MessageCL.cs:line 39
   at CenIT.DegreeManagement.CoreAPI.Controllers.DuLieuHocSinh.HocSinhTruongController.ConfirmALL(String idTruong, String idDanhMucTotNghiep) in D:\Workpace_VNPT\QuanLyVanBang\BackEnd\CenIT.DegreeManagement\CenIT.DegreeManagement.CoreAPI\CenIT.DegreeManagement.CoreAPI\Controllers\DuLieuHocSinh\HocSinhTruongController.cs:line 344
   at Microsoft.AspNetCore.Mvc.Infrastructure.ActionMethodExecutor.TaskOfIActionResultExecutor.Execute(IActionResultTypeMapper mapper, ObjectMethodExecutor executor, Object controller, Object[] arguments)
   at Microsoft.AspNetCore.Mvc.Infrastructure.ControllerActionInvoker.<InvokeActionMethodAsync>g__Awaited|12_0(ControllerActionInvoker invoker, ValueTask`1 actionResultValueTask)
   at Microsoft.AspNetCore.Mvc.Infrastructure.ControllerActionInvoker.<InvokeNextActionFilterAsync>g__Awaited|10_0(ControllerActionInvoker invoker, Task lastTask, State next, Scope scope, Object state, Boolean isCompleted)
   at Microsoft.AspNetCore.Mvc.Infrastructure.ControllerActionInvoker.Rethrow(ActionExecutedContextSealed context)
   at Microsoft.AspNetCore.Mvc.Infrastructure.ControllerActionInvoker.Next(State& next, Scope& scope, Object& state, Boolean& isCompleted)
   at Microsoft.AspNetCore.Mvc.Infrastructure.ControllerActionInvoker.InvokeInnerFilterAsync()
--- End of stack trace from previous location ---
   at Microsoft.AspNetCore.Mvc.Infrastructure.ResourceInvoker.<InvokeNextResourceFilter>g__Awaited|25_0(ResourceInvoker invoker, Task lastTask, State next, Scope scope, Object state, Boolean isCompleted)
   at Microsoft.AspNetCore.Mvc.Infrastructure.ResourceInvoker.Rethrow(ResourceExecutedContextSealed context)
   at Microsoft.AspNetCore.Mvc.Infrastructure.ResourceInvoker.Next(State& next, Scope& scope, Object& state, Boolean& isCompleted)
   at Microsoft.AspNetCore.Mvc.Infrastructure.ResourceInvoker.InvokeFilterPipelineAsync()
--- End of stack trace from previous location ---
   at Microsoft.AspNetCore.Mvc.Infrastructure.ResourceInvoker.<InvokeAsync>g__Awaited|17_0(ResourceInvoker invoker, Task task, IDisposable scope)
   at Microsoft.AspNetCore.Mvc.Infrastructure.ResourceInvoker.<InvokeAsync>g__Awaited|17_0(ResourceInvoker invoker, Task task, IDisposable scope)
   at Microsoft.AspNetCore.Routing.EndpointMiddleware.<Invoke>g__AwaitRequestTask|6_0(Endpoint endpoint, Task requestTask, ILogger logger)
   at CenIT.DegreeManagement.CoreAPI.Middleware.EnableRequestBodyBufferingMiddleware.InvokeAsync(HttpContext context) in D:\Workpace_VNPT\QuanLyVanBang\BackEnd\CenIT.DegreeManagement\CenIT.DegreeManagement.CoreAPI\CenIT.DegreeManagement.CoreAPI\Middleware\EnableRequestBodyBufferingMiddleware.cs:line 21
   at Microsoft.AspNetCore.Authorization.AuthorizationMiddleware.Invoke(HttpContext context)
   at Swashbuckle.AspNetCore.SwaggerUI.SwaggerUIMiddleware.Invoke(HttpContext httpContext)
   at Swashbuckle.AspNetCore.Swagger.SwaggerMiddleware.Invoke(HttpContext httpContext, ISwaggerProvider swaggerProvider)
   at Microsoft.AspNetCore.Localization.RequestLocalizationMiddleware.Invoke(HttpContext context)
   at Microsoft.AspNetCore.Diagnostics.DeveloperExceptionPageMiddleware.Invoke(HttpContext context)

2023-09-13 17:46:33.663 [WRN] Failed to determine the https port for redirect. 

2023-09-13 17:51:22.164 [WRN] Failed to determine the https port for redirect. 

2023-09-13 17:54:52.421 [WRN] Failed to determine the https port for redirect. 

