2023-10-05 08:40:50.846 [WRN] Failed to determine the https port for redirect. 

2023-10-05 08:42:15.069 [ERR] 535: 5.7.8 Username and Password not accepted. Learn more at
5.7.8  https://support.google.com/mail/?p=BadCredentials v6-20020aa78506000000b006934e7ceb79sm183930pfn.32 - gsmtp 

2023-10-05 08:44:04.463 [WRN] Failed to determine the https port for redirect. 

2023-10-05 08:45:21.363 [WRN] Failed to determine the https port for redirect. 

2023-10-05 08:45:49.305 [ERR] 535: 5.7.8 Username and Password not accepted. Learn more at
5.7.8  https://support.google.com/mail/?p=BadCredentials r13-20020a62e40d000000b006889081281bsm173503pfh.138 - gsmtp 

2023-10-05 08:48:38.709 [ERR] 535: 5.7.8 Username and Password not accepted. Learn more at
5.7.8  https://support.google.com/mail/?p=BadCredentials j2-20020a170902da8200b001c5de06f13bsm238741plx.226 - gsmtp 

2023-10-05 08:49:17.257 [ERR] 535: 5.7.8 Username and Password not accepted. Learn more at
5.7.8  https://support.google.com/mail/?p=BadCredentials s25-20020a639e19000000b00565dd935938sm200293pgd.85 - gsmtp 

2023-10-05 08:50:29.633 [WRN] Failed to determine the https port for redirect. 

2023-10-05 08:50:47.145 [ERR] 535: 5.7.8 Username and Password not accepted. Learn more at
5.7.8  https://support.google.com/mail/?p=BadCredentials jh18-20020a170903329200b001c61901ed37sm244331plb.191 - gsmtp 

2023-10-05 08:57:51.243 [ERR] 535: 5.7.8 Username and Password not accepted. Learn more at
5.7.8  https://support.google.com/mail/?p=BadCredentials ix3-20020a170902f80300b001b06c106844sm253491plb.151 - gsmtp 

2023-10-05 08:59:38.474 [ERR] 535: 5.7.8 Username and Password not accepted. Learn more at
5.7.8  https://support.google.com/mail/?p=BadCredentials d12-20020a170902cecc00b001c6092d35b9sm261188plg.85 - gsmtp 

2023-10-05 09:08:24.641 [ERR] 535: 5.7.8 Username and Password not accepted. Learn more at
5.7.8  https://support.google.com/mail/?p=BadCredentials fk10-20020a056a003a8a00b0069302c3c054sm192716pfb.207 - gsmtp 

2023-10-05 09:10:25.289 [ERR] 535: 5.7.8 Username and Password not accepted. Learn more at
5.7.8  https://support.google.com/mail/?p=BadCredentials u12-20020a17090adb4c00b0027722832498sm2316275pjx.52 - gsmtp 

2023-10-05 09:12:56.197 [ERR] 535: 5.7.8 Username and Password not accepted. Learn more at
5.7.8  https://support.google.com/mail/?p=BadCredentials e1-20020a17090a4a0100b0026b46ad94c9sm295567pjh.24 - gsmtp 

2023-10-05 09:13:26.591 [ERR] 535: 5.7.8 Username and Password not accepted. Learn more at
5.7.8  https://support.google.com/mail/?p=BadCredentials ij7-20020a170902ab4700b001c56157f062sm274775plb.227 - gsmtp 

2023-10-05 09:37:43.501 [WRN] Failed to determine the https port for redirect. 

2023-10-05 09:41:10.009 [WRN] Failed to determine the https port for redirect. 

2023-10-05 10:44:47.082 [WRN] Failed to determine the https port for redirect. 

2023-10-05 10:49:37.269 [WRN] Failed to determine the https port for redirect. 

2023-10-05 10:51:19.432 [WRN] Failed to determine the https port for redirect. 

2023-10-05 16:45:05.131 [WRN] Failed to determine the https port for redirect. 

