2023-10-03 15:43:45.112 [WRN] Failed to determine the https port for redirect. 

2023-10-03 15:44:26.916 [ERR] An unhandled exception has occurred while executing the request. 
System.FormatException: '' is not a valid 24 digit hex string.
   at MongoDB.Bson.ObjectId.Parse(String s)
   at MongoDB.Bson.Serialization.Serializers.StringSerializer.SerializeValue(BsonSerializationContext context, BsonSerializationArgs args, String value)
   at MongoDB.Bson.Serialization.IBsonSerializerExtensions.Serialize[TValue](IBsonSerializer`1 serializer, BsonSerializationContext context, TValue value)
   at MongoDB.Driver.SimpleFilterDefinition`2.Render(IBsonSerializer`1 documentSerializer, IBsonSerializerRegistry serializerRegistry, LinqProvider linqProvider)
   at MongoDB.Driver.AndFilterDefinition`1.Render(IBsonSerializer`1 documentSerializer, IBsonSerializerRegistry serializerRegistry, LinqProvider linqProvider)
   at MongoDB.Driver.MongoCollectionImpl`1.CreateFindOperation[TProjection](FilterDefinition`1 filter, FindOptions`2 options)
   at MongoDB.Driver.MongoCollectionImpl`1.FindSync[TProjection](IClientSessionHandle session, FilterDefinition`1 filter, FindOptions`2 options, CancellationToken cancellationToken)
   at MongoDB.Driver.MongoCollectionImpl`1.<>c__DisplayClass46_0`1.<FindSync>b__0(IClientSessionHandle session)
   at MongoDB.Driver.MongoCollectionImpl`1.UsingImplicitSession[TResult](Func`2 func, CancellationToken cancellationToken)
   at MongoDB.Driver.MongoCollectionImpl`1.FindSync[TProjection](FilterDefinition`1 filter, FindOptions`2 options, CancellationToken cancellationToken)
   at MongoDB.Driver.FindFluent`2.ToCursor(CancellationToken cancellationToken)
   at MongoDB.Driver.IAsyncCursorSourceExtensions.FirstOrDefault[TDocument](IAsyncCursorSource`1 source, CancellationToken cancellationToken)
   at MongoDB.Driver.IFindFluentExtensions.FirstOrDefault[TDocument,TProjection](IFindFluent`2 find, CancellationToken cancellationToken)
   at CenIT.DegreeManagement.CoreAPI.Bussiness.Phoi.PhoiGocBL.CapNhatThongSoPhoi(String soBatDau, String idPhoi, Int32 soluongphoi) in D:\Workpace_VNPT\QuanLyVanBang\BackEnd\CenIT.DegreeManagement\CenIT.DegreeManagement.CoreAPI\CenIT.DegreeManagement.CoreAPI.Bussiness\Phoi\PhoiGocBL.cs:line 528
   at CenIT.DegreeManagement.CoreAPI.Caching.Phoi.PhoiGocCL.CapNhatThongSoPhoi(String soBatDau, String idPhoi, Int32 soLuongPhoi) in D:\Workpace_VNPT\QuanLyVanBang\BackEnd\CenIT.DegreeManagement\CenIT.DegreeManagement.CoreAPI\CenIT.DegreeManagement.CoreAPI.Caching\Phoi\PhoiGocCL.cs:line 151
   at CenIT.DegreeManagement.CoreAPI.Controllers.DuLieuHocSinh.HocSinhPhongController.Approve(String idTruong, String idDanhMucTotNghiep, List`1 listCCCD) in D:\Workpace_VNPT\QuanLyVanBang\BackEnd\CenIT.DegreeManagement\CenIT.DegreeManagement.CoreAPI\CenIT.DegreeManagement.CoreAPI\Controllers\DuLieuHocSinh\HocSinhPhongController.cs:line 291
   at Microsoft.AspNetCore.Mvc.Infrastructure.ActionMethodExecutor.TaskOfIActionResultExecutor.Execute(IActionResultTypeMapper mapper, ObjectMethodExecutor executor, Object controller, Object[] arguments)
   at Microsoft.AspNetCore.Mvc.Infrastructure.ControllerActionInvoker.<InvokeActionMethodAsync>g__Awaited|12_0(ControllerActionInvoker invoker, ValueTask`1 actionResultValueTask)
   at Microsoft.AspNetCore.Mvc.Infrastructure.ControllerActionInvoker.<InvokeNextActionFilterAsync>g__Awaited|10_0(ControllerActionInvoker invoker, Task lastTask, State next, Scope scope, Object state, Boolean isCompleted)
   at Microsoft.AspNetCore.Mvc.Infrastructure.ControllerActionInvoker.Rethrow(ActionExecutedContextSealed context)
   at Microsoft.AspNetCore.Mvc.Infrastructure.ControllerActionInvoker.Next(State& next, Scope& scope, Object& state, Boolean& isCompleted)
   at Microsoft.AspNetCore.Mvc.Infrastructure.ControllerActionInvoker.InvokeInnerFilterAsync()
--- End of stack trace from previous location ---
   at Microsoft.AspNetCore.Mvc.Infrastructure.ResourceInvoker.<InvokeNextResourceFilter>g__Awaited|25_0(ResourceInvoker invoker, Task lastTask, State next, Scope scope, Object state, Boolean isCompleted)
   at Microsoft.AspNetCore.Mvc.Infrastructure.ResourceInvoker.Rethrow(ResourceExecutedContextSealed context)
   at Microsoft.AspNetCore.Mvc.Infrastructure.ResourceInvoker.Next(State& next, Scope& scope, Object& state, Boolean& isCompleted)
   at Microsoft.AspNetCore.Mvc.Infrastructure.ResourceInvoker.InvokeFilterPipelineAsync()
--- End of stack trace from previous location ---
   at Microsoft.AspNetCore.Mvc.Infrastructure.ResourceInvoker.<InvokeAsync>g__Awaited|17_0(ResourceInvoker invoker, Task task, IDisposable scope)
   at Microsoft.AspNetCore.Mvc.Infrastructure.ResourceInvoker.<InvokeAsync>g__Awaited|17_0(ResourceInvoker invoker, Task task, IDisposable scope)
   at Microsoft.AspNetCore.Routing.EndpointMiddleware.<Invoke>g__AwaitRequestTask|6_0(Endpoint endpoint, Task requestTask, ILogger logger)
   at CenIT.DegreeManagement.CoreAPI.Middleware.EnableRequestBodyBufferingMiddleware.InvokeAsync(HttpContext context) in D:\Workpace_VNPT\QuanLyVanBang\BackEnd\CenIT.DegreeManagement\CenIT.DegreeManagement.CoreAPI\CenIT.DegreeManagement.CoreAPI\Middleware\EnableRequestBodyBufferingMiddleware.cs:line 21
   at Microsoft.AspNetCore.Authorization.AuthorizationMiddleware.Invoke(HttpContext context)
   at Swashbuckle.AspNetCore.SwaggerUI.SwaggerUIMiddleware.Invoke(HttpContext httpContext)
   at Swashbuckle.AspNetCore.Swagger.SwaggerMiddleware.Invoke(HttpContext httpContext, ISwaggerProvider swaggerProvider)
   at Microsoft.AspNetCore.Localization.RequestLocalizationMiddleware.Invoke(HttpContext context)
   at Microsoft.AspNetCore.Diagnostics.DeveloperExceptionPageMiddleware.Invoke(HttpContext context)

2023-10-03 15:47:12.065 [ERR] An unhandled exception has occurred while executing the request. 
System.FormatException: '' is not a valid 24 digit hex string.
   at MongoDB.Bson.ObjectId.Parse(String s)
   at MongoDB.Bson.Serialization.Serializers.StringSerializer.SerializeValue(BsonSerializationContext context, BsonSerializationArgs args, String value)
   at MongoDB.Bson.Serialization.IBsonSerializerExtensions.Serialize[TValue](IBsonSerializer`1 serializer, BsonSerializationContext context, TValue value)
   at MongoDB.Driver.SimpleFilterDefinition`2.Render(IBsonSerializer`1 documentSerializer, IBsonSerializerRegistry serializerRegistry, LinqProvider linqProvider)
   at MongoDB.Driver.AndFilterDefinition`1.Render(IBsonSerializer`1 documentSerializer, IBsonSerializerRegistry serializerRegistry, LinqProvider linqProvider)
   at MongoDB.Driver.MongoCollectionImpl`1.CreateFindOperation[TProjection](FilterDefinition`1 filter, FindOptions`2 options)
   at MongoDB.Driver.MongoCollectionImpl`1.FindSync[TProjection](IClientSessionHandle session, FilterDefinition`1 filter, FindOptions`2 options, CancellationToken cancellationToken)
   at MongoDB.Driver.MongoCollectionImpl`1.<>c__DisplayClass46_0`1.<FindSync>b__0(IClientSessionHandle session)
   at MongoDB.Driver.MongoCollectionImpl`1.UsingImplicitSession[TResult](Func`2 func, CancellationToken cancellationToken)
   at MongoDB.Driver.MongoCollectionImpl`1.FindSync[TProjection](FilterDefinition`1 filter, FindOptions`2 options, CancellationToken cancellationToken)
   at MongoDB.Driver.FindFluent`2.ToCursor(CancellationToken cancellationToken)
   at MongoDB.Driver.IAsyncCursorSourceExtensions.FirstOrDefault[TDocument](IAsyncCursorSource`1 source, CancellationToken cancellationToken)
   at MongoDB.Driver.IFindFluentExtensions.FirstOrDefault[TDocument,TProjection](IFindFluent`2 find, CancellationToken cancellationToken)
   at CenIT.DegreeManagement.CoreAPI.Bussiness.Phoi.PhoiGocBL.CapNhatThongSoPhoi(String soBatDau, String idPhoi, Int32 soluongphoi) in D:\Workpace_VNPT\QuanLyVanBang\BackEnd\CenIT.DegreeManagement\CenIT.DegreeManagement.CoreAPI\CenIT.DegreeManagement.CoreAPI.Bussiness\Phoi\PhoiGocBL.cs:line 528
   at CenIT.DegreeManagement.CoreAPI.Caching.Phoi.PhoiGocCL.CapNhatThongSoPhoi(String soBatDau, String idPhoi, Int32 soLuongPhoi) in D:\Workpace_VNPT\QuanLyVanBang\BackEnd\CenIT.DegreeManagement\CenIT.DegreeManagement.CoreAPI\CenIT.DegreeManagement.CoreAPI.Caching\Phoi\PhoiGocCL.cs:line 151
   at CenIT.DegreeManagement.CoreAPI.Controllers.DuLieuHocSinh.HocSinhPhongController.Approve(String idTruong, String idDanhMucTotNghiep, List`1 listCCCD) in D:\Workpace_VNPT\QuanLyVanBang\BackEnd\CenIT.DegreeManagement\CenIT.DegreeManagement.CoreAPI\CenIT.DegreeManagement.CoreAPI\Controllers\DuLieuHocSinh\HocSinhPhongController.cs:line 291
   at Microsoft.AspNetCore.Mvc.Infrastructure.ActionMethodExecutor.TaskOfIActionResultExecutor.Execute(IActionResultTypeMapper mapper, ObjectMethodExecutor executor, Object controller, Object[] arguments)
   at Microsoft.AspNetCore.Mvc.Infrastructure.ControllerActionInvoker.<InvokeActionMethodAsync>g__Awaited|12_0(ControllerActionInvoker invoker, ValueTask`1 actionResultValueTask)
   at Microsoft.AspNetCore.Mvc.Infrastructure.ControllerActionInvoker.<InvokeNextActionFilterAsync>g__Awaited|10_0(ControllerActionInvoker invoker, Task lastTask, State next, Scope scope, Object state, Boolean isCompleted)
   at Microsoft.AspNetCore.Mvc.Infrastructure.ControllerActionInvoker.Rethrow(ActionExecutedContextSealed context)
   at Microsoft.AspNetCore.Mvc.Infrastructure.ControllerActionInvoker.Next(State& next, Scope& scope, Object& state, Boolean& isCompleted)
   at Microsoft.AspNetCore.Mvc.Infrastructure.ControllerActionInvoker.<InvokeInnerFilterAsync>g__Awaited|13_0(ControllerActionInvoker invoker, Task lastTask, State next, Scope scope, Object state, Boolean isCompleted)
   at Microsoft.AspNetCore.Mvc.Infrastructure.ResourceInvoker.<InvokeNextResourceFilter>g__Awaited|25_0(ResourceInvoker invoker, Task lastTask, State next, Scope scope, Object state, Boolean isCompleted)
   at Microsoft.AspNetCore.Mvc.Infrastructure.ResourceInvoker.Rethrow(ResourceExecutedContextSealed context)
   at Microsoft.AspNetCore.Mvc.Infrastructure.ResourceInvoker.Next(State& next, Scope& scope, Object& state, Boolean& isCompleted)
   at Microsoft.AspNetCore.Mvc.Infrastructure.ResourceInvoker.<InvokeFilterPipelineAsync>g__Awaited|20_0(ResourceInvoker invoker, Task lastTask, State next, Scope scope, Object state, Boolean isCompleted)
   at Microsoft.AspNetCore.Mvc.Infrastructure.ResourceInvoker.<InvokeAsync>g__Awaited|17_0(ResourceInvoker invoker, Task task, IDisposable scope)
   at Microsoft.AspNetCore.Mvc.Infrastructure.ResourceInvoker.<InvokeAsync>g__Awaited|17_0(ResourceInvoker invoker, Task task, IDisposable scope)
   at Microsoft.AspNetCore.Routing.EndpointMiddleware.<Invoke>g__AwaitRequestTask|6_0(Endpoint endpoint, Task requestTask, ILogger logger)
   at CenIT.DegreeManagement.CoreAPI.Middleware.EnableRequestBodyBufferingMiddleware.InvokeAsync(HttpContext context) in D:\Workpace_VNPT\QuanLyVanBang\BackEnd\CenIT.DegreeManagement\CenIT.DegreeManagement.CoreAPI\CenIT.DegreeManagement.CoreAPI\Middleware\EnableRequestBodyBufferingMiddleware.cs:line 21
   at Microsoft.AspNetCore.Authorization.AuthorizationMiddleware.Invoke(HttpContext context)
   at Swashbuckle.AspNetCore.SwaggerUI.SwaggerUIMiddleware.Invoke(HttpContext httpContext)
   at Swashbuckle.AspNetCore.Swagger.SwaggerMiddleware.Invoke(HttpContext httpContext, ISwaggerProvider swaggerProvider)
   at Microsoft.AspNetCore.Localization.RequestLocalizationMiddleware.Invoke(HttpContext context)
   at Microsoft.AspNetCore.Diagnostics.DeveloperExceptionPageMiddleware.Invoke(HttpContext context)

