2023-09-08 13:47:23.991 [WRN] Failed to determine the https port for redirect. 

2023-09-08 14:21:35.954 [WRN] Failed to determine the https port for redirect. 

2023-09-08 14:24:21.348 [WRN] Failed to determine the https port for redirect. 

2023-09-08 14:26:01.925 [WRN] Failed to determine the https port for redirect. 

2023-09-08 16:47:19.061 [WRN] Failed to determine the https port for redirect. 

2023-09-08 16:48:59.410 [WRN] Failed to determine the https port for redirect. 

2023-09-08 16:52:33.267 [WRN] Failed to determine the https port for redirect. 

2023-09-08 16:53:06.495 [ERR] An unhandled exception has occurred while executing the request. 
System.ArgumentException: Object of type 'System.String' cannot be converted to type 'System.Int32'.
   at System.RuntimeType.TryChangeType(Object value, Binder binder, CultureInfo culture, Boolean needsSpecialCast)
   at System.RuntimeType.CheckValue(Object value, Binder binder, CultureInfo culture, BindingFlags invokeAttr)
   at System.Reflection.MethodBase.CheckArguments(StackAllocedArguments& stackArgs, ReadOnlySpan`1 parameters, Binder binder, BindingFlags invokeAttr, CultureInfo culture, Signature sig)
   at System.Reflection.RuntimeMethodInfo.InvokeOneParameter(Object obj, BindingFlags invokeAttr, Binder binder, Object parameter, CultureInfo culture)
   at System.Reflection.RuntimePropertyInfo.SetValue(Object obj, Object value, BindingFlags invokeAttr, Binder binder, Object[] index, CultureInfo culture)
   at System.Reflection.RuntimePropertyInfo.SetValue(Object obj, Object value, Object[] index)
   at CenIT.DegreeManagement.CoreAPI.Core.Provider.ModelProvider.SetDataFromRow[T](T item, DataRow row) in D:\Workpace_VNPT\QuanLyVanBang\BackEnd\CenIT.DegreeManagement\CenIT.DegreeManagement.CoreAPI\CenIT.DegreeManagement.CoreAPI.Core\Provider\ModelProvider.cs:line 38
   at CenIT.DegreeManagement.CoreAPI.Core.Provider.ModelProvider.CreateModelFromRow[T](DataRow row) in D:\Workpace_VNPT\QuanLyVanBang\BackEnd\CenIT.DegreeManagement\CenIT.DegreeManagement.CoreAPI\CenIT.DegreeManagement.CoreAPI.Core\Provider\ModelProvider.cs:line 19
   at CenIT.DegreeManagement.CoreAPI.Core.Provider.ModelProvider.CreateListFromTable[T](DataTable tbl) in D:\Workpace_VNPT\QuanLyVanBang\BackEnd\CenIT.DegreeManagement\CenIT.DegreeManagement.CoreAPI\CenIT.DegreeManagement.CoreAPI.Core\Provider\ModelProvider.cs:line 83
   at CenIT.DegreeManagement.CoreAPI.Bussiness.Sys.MessageBL.GetAllMessages(SearchParamFilterDateModel model) in D:\Workpace_VNPT\QuanLyVanBang\BackEnd\CenIT.DegreeManagement\CenIT.DegreeManagement.CoreAPI\CenIT.DegreeManagement.CoreAPI.Bussiness\Sys\MessageBL.cs:line 104
   at CenIT.DegreeManagement.CoreAPI.Caching.Sys.MessageCL.GetAllMessages(SearchParamFilterDateModel model) in D:\Workpace_VNPT\QuanLyVanBang\BackEnd\CenIT.DegreeManagement\CenIT.DegreeManagement.CoreAPI\CenIT.DegreeManagement.CoreAPI.Caching\Sys\MessageCL.cs:line 58
   at CenIT.DegreeManagement.CoreAPI.Controllers.Sys.NotificationController.View(SearchParamFilterDateModel model) in D:\Workpace_VNPT\QuanLyVanBang\BackEnd\CenIT.DegreeManagement\CenIT.DegreeManagement.CoreAPI\CenIT.DegreeManagement.CoreAPI\Controllers\Sys\NotificationController.cs:line 33
   at lambda_method12(Closure , Object , Object[] )
   at Microsoft.AspNetCore.Mvc.Infrastructure.ActionMethodExecutor.SyncActionResultExecutor.Execute(IActionResultTypeMapper mapper, ObjectMethodExecutor executor, Object controller, Object[] arguments)
   at Microsoft.AspNetCore.Mvc.Infrastructure.ControllerActionInvoker.InvokeActionMethodAsync()
   at Microsoft.AspNetCore.Mvc.Infrastructure.ControllerActionInvoker.Next(State& next, Scope& scope, Object& state, Boolean& isCompleted)
   at Microsoft.AspNetCore.Mvc.Infrastructure.ControllerActionInvoker.InvokeNextActionFilterAsync()
--- End of stack trace from previous location ---
   at Microsoft.AspNetCore.Mvc.Infrastructure.ControllerActionInvoker.Rethrow(ActionExecutedContextSealed context)
   at Microsoft.AspNetCore.Mvc.Infrastructure.ControllerActionInvoker.Next(State& next, Scope& scope, Object& state, Boolean& isCompleted)
   at Microsoft.AspNetCore.Mvc.Infrastructure.ControllerActionInvoker.InvokeInnerFilterAsync()
--- End of stack trace from previous location ---
   at Microsoft.AspNetCore.Mvc.Infrastructure.ResourceInvoker.<InvokeNextResourceFilter>g__Awaited|25_0(ResourceInvoker invoker, Task lastTask, State next, Scope scope, Object state, Boolean isCompleted)
   at Microsoft.AspNetCore.Mvc.Infrastructure.ResourceInvoker.Rethrow(ResourceExecutedContextSealed context)
   at Microsoft.AspNetCore.Mvc.Infrastructure.ResourceInvoker.Next(State& next, Scope& scope, Object& state, Boolean& isCompleted)
   at Microsoft.AspNetCore.Mvc.Infrastructure.ResourceInvoker.InvokeFilterPipelineAsync()
--- End of stack trace from previous location ---
   at Microsoft.AspNetCore.Mvc.Infrastructure.ResourceInvoker.<InvokeAsync>g__Awaited|17_0(ResourceInvoker invoker, Task task, IDisposable scope)
   at Microsoft.AspNetCore.Mvc.Infrastructure.ResourceInvoker.<InvokeAsync>g__Awaited|17_0(ResourceInvoker invoker, Task task, IDisposable scope)
   at Microsoft.AspNetCore.Routing.EndpointMiddleware.<Invoke>g__AwaitRequestTask|6_0(Endpoint endpoint, Task requestTask, ILogger logger)
   at CenIT.DegreeManagement.CoreAPI.Middleware.EnableRequestBodyBufferingMiddleware.InvokeAsync(HttpContext context) in D:\Workpace_VNPT\QuanLyVanBang\BackEnd\CenIT.DegreeManagement\CenIT.DegreeManagement.CoreAPI\CenIT.DegreeManagement.CoreAPI\Middleware\EnableRequestBodyBufferingMiddleware.cs:line 21
   at Microsoft.AspNetCore.Authorization.AuthorizationMiddleware.Invoke(HttpContext context)
   at Swashbuckle.AspNetCore.SwaggerUI.SwaggerUIMiddleware.Invoke(HttpContext httpContext)
   at Swashbuckle.AspNetCore.Swagger.SwaggerMiddleware.Invoke(HttpContext httpContext, ISwaggerProvider swaggerProvider)
   at Microsoft.AspNetCore.Localization.RequestLocalizationMiddleware.Invoke(HttpContext context)
   at Microsoft.AspNetCore.Diagnostics.DeveloperExceptionPageMiddleware.Invoke(HttpContext context)

2023-09-08 16:53:47.896 [WRN] Failed to determine the https port for redirect. 

